<?xml version="1.0" encoding="UTF-8"?><testsuite name="nosetests" tests="86" errors="28" failures="0" skip="1"><testcase classname="integration.test_afterbuy.TestAfterbuy" name="test_check_login" time="0.527"></testcase><testcase classname="integration.test_afterbuy.TestAfterbuy" name="test_create_item" time="0.060"></testcase><testcase classname="integration.test_afterbuy.TestAfterbuy" name="test_create_new_user" time="0.176"></testcase><testcase classname="integration.test_afterbuy.TestAfterbuy" name="test_delete_dispatch_dict" time="0.070"></testcase><testcase classname="integration.test_afterbuy.TestAfterbuy" name="test_generating_OTP" time="0.112"></testcase><testcase classname="integration.test_afterbuy.TestAfterbuy" name="test_get_dispatch_dict" time="0.060"></testcase><testcase classname="integration.test_afterbuy.TestAfterbuy" name="test_get_product_coupons" time="0.060"></testcase><testcase classname="integration.test_afterbuy.TestAfterbuy" name="test_get_product_insurance" time="0.062"></testcase><testcase classname="integration.test_afterbuy.TestAfterbuy" name="test_get_product_purchase_information" time="0.062"></testcase><testcase classname="integration.test_afterbuy.TestAfterbuy" name="test_get_product_warranty" time="0.065"></testcase><testcase classname="integration.test_afterbuy.TestAfterbuy" name="test_get_spares_list" time="0.067"></testcase><testcase classname="integration.test_afterbuy.TestAfterbuy" name="test_notification_count_of_user" time="0.115"></testcase><testcase classname="integration.test_afterbuy.TestAfterbuy" name="test_notification_list_of_user" time="0.114"></testcase><testcase classname="integration.test_afterbuy.TestAfterbuy" name="test_post_dispatch_dict" time="0.068"></testcase><testcase classname="integration.test_afterbuy.TestAfterbuy" name="test_product_details" time="0.059"></testcase><testcase classname="integration.test_afterbuy.TestAfterbuy" name="test_save_user_details" time="0.075"></testcase><testcase classname="integration.test_afterbuy.TestAfterbuy" name="test_save_user_feedback" time="0.068"></testcase><testcase classname="integration.test_afterbuy.TestAfterbuy" name="test_save_user_phone_details" time="0.074"></testcase><testcase classname="integration.test_api.AfterBuyIntegrationTests" name="test_brands" time="0.175"></testcase><testcase classname="integration.test_api.AfterBuyIntegrationTests" name="test_products" time="0.042"></testcase><testcase classname="integration.test_api.AfterBuyIntegrationTests" name="test_users" time="0.042"></testcase><testcase classname="integration.test_celery.CeleryTestCaseBase" name="test_delay_message" time="0.039"><error type="exceptions.UnboundLocalError" message="local variable 'to_be_serialized' referenced before assignment&#10;-------------------- &gt;&gt; begin captured logging &lt;&lt; --------------------&#10;gladminds: INFO: &lt;bound method CeleryTestCaseBase.mock_apply_async of &lt;integration.test_celery.CeleryTestCaseBase testMethod=test_delay_message&gt;&gt;&#10;gladminds: INFO: triggered update_coupon_data&#10;gladminds: INFO: Recieved Message from phone number: +919999999 and message: A SAP001 450 1&#10;parse: DEBUG: format '{key} {message}' -&gt; '(?P&lt;key&gt;.+?) (?P&lt;message&gt;.+?)'&#10;parse: DEBUG: format u'{sap_customer_id} {kms} {service_type}' -&gt; u'(?P&lt;sap_customer_id&gt;.+?) (?P&lt;kms&gt;.+?) (?P&lt;service_type&gt;.+?)'&#10;root: INFO: valid message format&#10;gladminds: INFO: The database failed to perform None:'module' object has no attribute 'atomic'&#10;django.request: ERROR: Internal Server Error: /v1/messages&#10;Traceback (most recent call last):&#10;  File &quot;/home/hasher/workspace/gladminds/eggs/Django-1.5.5-py2.7.egg/django/core/handlers/base.py&quot;, line 115, in get_response&#10;    response = callback(request, *callback_args, **callback_kwargs)&#10;  File &quot;/home/hasher/workspace/gladminds/eggs/Django-1.5.5-py2.7.egg/django/views/decorators/csrf.py&quot;, line 77, in wrapped_view&#10;    return view_func(*args, **kwargs)&#10;  File &quot;/home/hasher/workspace/gladminds/eggs/django_tastypie-0.11.0-py2.7.egg/tastypie/resources.py&quot;, line 195, in wrapper&#10;    response = callback(request, *args, **kwargs)&#10;  File &quot;/home/hasher/workspace/gladminds/src/gladminds/resource/resources.py&quot;, line 113, in dispatch_gladminds&#10;    return self.create_response(request, data=to_be_serialized)&#10;UnboundLocalError: local variable 'to_be_serialized' referenced before assignment&#10;--------------------- &gt;&gt; end captured logging &lt;&lt; ---------------------"><![CDATA[  File "/usr/lib/python2.7/unittest/case.py", line 331, in run
    testMethod()
  File "/home/hasher/workspace/gladminds/tests/integration/test_celery.py", line 46, in test_delay_message
    self.validate_coupon(sms_dict, phone_number)
  File "/home/hasher/workspace/gladminds/tests/integration/test_celery.py", line 30, in validate_coupon
    result = client.post('/v1/messages', data={'text': data, 'phoneNumber' : phone_number})
  File "/home/hasher/workspace/gladminds/eggs/Django-1.5.5-py2.7.egg/django/test/client.py", line 463, in post
    response = super(Client, self).post(path, data=data, content_type=content_type, **extra)
  File "/home/hasher/workspace/gladminds/eggs/Django-1.5.5-py2.7.egg/django/test/client.py", line 297, in post
    return self.request(**r)
  File "/home/hasher/workspace/gladminds/eggs/Django-1.5.5-py2.7.egg/django/test/client.py", line 424, in request
    six.reraise(*exc_info)
  File "/home/hasher/workspace/gladminds/eggs/Django-1.5.5-py2.7.egg/django/core/handlers/base.py", line 115, in get_response
    response = callback(request, *callback_args, **callback_kwargs)
  File "/home/hasher/workspace/gladminds/eggs/Django-1.5.5-py2.7.egg/django/views/decorators/csrf.py", line 77, in wrapped_view
    return view_func(*args, **kwargs)
  File "/home/hasher/workspace/gladminds/eggs/django_tastypie-0.11.0-py2.7.egg/tastypie/resources.py", line 195, in wrapper
    response = callback(request, *args, **kwargs)
  File "/home/hasher/workspace/gladminds/src/gladminds/resource/resources.py", line 113, in dispatch_gladminds
    return self.create_response(request, data=to_be_serialized)
'local variable \'to_be_serialized\' referenced before assignment\n-------------------- >> begin captured logging << --------------------\ngladminds: INFO: <bound method CeleryTestCaseBase.mock_apply_async of <integration.test_celery.CeleryTestCaseBase testMethod=test_delay_message>>\ngladminds: INFO: triggered update_coupon_data\ngladminds: INFO: Recieved Message from phone number: +919999999 and message: A SAP001 450 1\nparse: DEBUG: format \'{key} {message}\' -> \'(?P<key>.+?) (?P<message>.+?)\'\nparse: DEBUG: format u\'{sap_customer_id} {kms} {service_type}\' -> u\'(?P<sap_customer_id>.+?) (?P<kms>.+?) (?P<service_type>.+?)\'\nroot: INFO: valid message format\ngladminds: INFO: The database failed to perform None:\'module\' object has no attribute \'atomic\'\ndjango.request: ERROR: Internal Server Error: /v1/messages\nTraceback (most recent call last):\n  File "/home/hasher/workspace/gladminds/eggs/Django-1.5.5-py2.7.egg/django/core/handlers/base.py", line 115, in get_response\n    response = callback(request, *callback_args, **callback_kwargs)\n  File "/home/hasher/workspace/gladminds/eggs/Django-1.5.5-py2.7.egg/django/views/decorators/csrf.py", line 77, in wrapped_view\n    return view_func(*args, **kwargs)\n  File "/home/hasher/workspace/gladminds/eggs/django_tastypie-0.11.0-py2.7.egg/tastypie/resources.py", line 195, in wrapper\n    response = callback(request, *args, **kwargs)\n  File "/home/hasher/workspace/gladminds/src/gladminds/resource/resources.py", line 113, in dispatch_gladminds\n    return self.create_response(request, data=to_be_serialized)\nUnboundLocalError: local variable \'to_be_serialized\' referenced before assignment\n--------------------- >> end captured logging << ---------------------']]></error></testcase><testcase classname="integration.test_feeds.FeedsResourceTest" name="test_asc_feed" time="2.503"></testcase><testcase classname="integration.test_feeds.FeedsResourceTest" name="test_authentication" time="2.100"><system-out><![CDATA[[DealerModel(ACTIVE_FLAG=u'Y', TIMESTAMP=u'2005-08-01000000', SER_ADV_MOBILE=u'55555', SER_ADV_ID=u'GMDEALER001SA01', ADDRESS=u'HSR LAYOUT', SER_ADV_NAME=u'TestUser01', KUNNR=u'GMDEALER001')]
]]></system-out></testcase><testcase classname="integration.test_feeds.FeedsResourceTest" name="test_coupon_redamption_feed" time="6.555"><system-out><![CDATA[[DealerModel(ACTIVE_FLAG=u'Y', TIMESTAMP=u'2005-08-01000000', SER_ADV_MOBILE=u'55555', SER_ADV_ID=u'GMDEALER001SA01', ADDRESS=u'HSR LAYOUT', SER_ADV_NAME=u'TestUser01', KUNNR=u'GMDEALER001'), DealerModel(ACTIVE_FLAG=u'Y', TIMESTAMP=u'2005-08-01000000', SER_ADV_MOBILE=u'555551', SER_ADV_ID=u'GMDEALER001SA02', ADDRESS=u'HSR LAYOUT', SER_ADV_NAME=u'TestUser01', KUNNR=u'GMDEALER002'), DealerModel(ACTIVE_FLAG=u'Y', TIMESTAMP=u'2006-09-01000000', SER_ADV_MOBILE=u'44444', SER_ADV_ID=u'GMDEALER001SA11', ADDRESS=u'HBR LAYOUT', SER_ADV_NAME=u'TestUser11', KUNNR=u'GMDEALER0011')]
]]></system-out></testcase><testcase classname="integration.test_feeds.FeedsResourceTest" name="test_coupon_status_on_dispatch_feed" time="0.000"><skipped type="unittest.case.SkipTest" message="Skipping Adding this functionality in future"><![CDATA[SkipTest: Skipping Adding this functionality in future
]]></skipped></testcase><testcase classname="integration.test_feeds.FeedsResourceTest" name="test_coupon_status_without_ucn" time="2.082"></testcase><testcase classname="integration.test_feeds.FeedsResourceTest" name="test_partial_fail" time="0.039"><error type="exceptions.AttributeError" message="'module' object has no attribute 'atomic'"><![CDATA[Traceback (most recent call last):
  File "/usr/lib/python2.7/unittest/case.py", line 331, in run
    testMethod()
  File "/home/hasher/workspace/gladminds/tests/integration/test_feeds.py", line 186, in test_partial_fail
    with transaction.atomic():
AttributeError: 'module' object has no attribute 'atomic'
]]></error></testcase><testcase classname="integration.test_feeds.FeedsResourceTest" name="test_product_dispatch" time="6.457"><system-out><![CDATA[[DealerModel(ACTIVE_FLAG=u'Y', TIMESTAMP=u'2005-08-01000000', SER_ADV_MOBILE=u'55555', SER_ADV_ID=u'GMDEALER001SA01', ADDRESS=u'HSR LAYOUT', SER_ADV_NAME=u'TestUser01', KUNNR=u'GMDEALER001'), DealerModel(ACTIVE_FLAG=u'Y', TIMESTAMP=u'2005-08-01000000', SER_ADV_MOBILE=u'555551', SER_ADV_ID=u'GMDEALER001SA02', ADDRESS=u'HSR LAYOUT', SER_ADV_NAME=u'TestUser01', KUNNR=u'GMDEALER002'), DealerModel(ACTIVE_FLAG=u'Y', TIMESTAMP=u'2006-09-01000000', SER_ADV_MOBILE=u'44444', SER_ADV_ID=u'GMDEALER001SA11', ADDRESS=u'HBR LAYOUT', SER_ADV_NAME=u'TestUser11', KUNNR=u'GMDEALER0011')]
]]></system-out></testcase><testcase classname="integration.test_feeds.FeedsResourceTest" name="test_product_purchase" time="1.990"></testcase><testcase classname="integration.test_feeds.FeedsResourceTest" name="test_service_advisor_dealer_relationship" time="4.228"><system-out><![CDATA[[DealerModel(ACTIVE_FLAG=u'Y', TIMESTAMP=u'2005-08-01000000', SER_ADV_MOBILE=u'55555', SER_ADV_ID=u'GMDEALER001SA01', ADDRESS=u'HSR LAYOUT', SER_ADV_NAME=u'TestUser01', KUNNR=u'GMDEALER001'), DealerModel(ACTIVE_FLAG=u'Y', TIMESTAMP=u'2005-08-01000000', SER_ADV_MOBILE=u'555551', SER_ADV_ID=u'GMDEALER001SA02', ADDRESS=u'HSR LAYOUT', SER_ADV_NAME=u'TestUser01', KUNNR=u'GMDEALER002'), DealerModel(ACTIVE_FLAG=u'Y', TIMESTAMP=u'2006-09-01000000', SER_ADV_MOBILE=u'44444', SER_ADV_ID=u'GMDEALER001SA11', ADDRESS=u'HBR LAYOUT', SER_ADV_NAME=u'TestUser11', KUNNR=u'GMDEALER0011')]
[DealerModel(ACTIVE_FLAG=u'N', TIMESTAMP=u'2005-08-01000000', SER_ADV_MOBILE=u'55555', SER_ADV_ID=u'GMDEALER001SA01', ADDRESS=u'HSR LAYOUT', SER_ADV_NAME=u'TestUser01', KUNNR=u'GMDEALER001'), DealerModel(ACTIVE_FLAG=u'Y', TIMESTAMP=u'2005-08-01000000', SER_ADV_MOBILE=u'555551', SER_ADV_ID=u'GMDEALER001SA02', ADDRESS=u'HSR LAYOUT', SER_ADV_NAME=u'TestUser01', KUNNR=u'GMDEALER003')]
]]></system-out></testcase><testcase classname="integration.test_feeds.FeedsResourceTest" name="test_service_advisor_feed" time="2.295"><system-out><![CDATA[[DealerModel(ACTIVE_FLAG=u'Y', TIMESTAMP=u'2005-08-01000000', SER_ADV_MOBILE=u'55555', SER_ADV_ID=u'GMDEALER001SA01', ADDRESS=u'HSR LAYOUT', SER_ADV_NAME=u'TestUser01', KUNNR=u'GMDEALER001'), DealerModel(ACTIVE_FLAG=u'Y', TIMESTAMP=u'2005-08-01000000', SER_ADV_MOBILE=u'555551', SER_ADV_ID=u'GMDEALER001SA02', ADDRESS=u'HSR LAYOUT', SER_ADV_NAME=u'TestUser01', KUNNR=u'GMDEALER002'), DealerModel(ACTIVE_FLAG=u'Y', TIMESTAMP=u'2006-09-01000000', SER_ADV_MOBILE=u'44444', SER_ADV_ID=u'GMDEALER001SA11', ADDRESS=u'HBR LAYOUT', SER_ADV_NAME=u'TestUser11', KUNNR=u'GMDEALER0011')]
]]></system-out></testcase><testcase classname="integration.test_feeds.FeedsResourceTest" name="test_service_advisor_phone_number_updation_logic" time="4.169"><system-out><![CDATA[[DealerModel(ACTIVE_FLAG=u'Y', TIMESTAMP=u'2005-08-01000000', SER_ADV_MOBILE=u'55555', SER_ADV_ID=u'GMDEALER001SA01', ADDRESS=u'HSR LAYOUT', SER_ADV_NAME=u'TestUser01', KUNNR=u'GMDEALER001'), DealerModel(ACTIVE_FLAG=u'Y', TIMESTAMP=u'2005-08-01000000', SER_ADV_MOBILE=u'555551', SER_ADV_ID=u'GMDEALER001SA02', ADDRESS=u'HSR LAYOUT', SER_ADV_NAME=u'TestUser01', KUNNR=u'GMDEALER002'), DealerModel(ACTIVE_FLAG=u'Y', TIMESTAMP=u'2006-09-01000000', SER_ADV_MOBILE=u'44444', SER_ADV_ID=u'GMDEALER001SA11', ADDRESS=u'HBR LAYOUT', SER_ADV_NAME=u'TestUser11', KUNNR=u'GMDEALER0011')]
[DealerModel(ACTIVE_FLAG=u'N', TIMESTAMP=u'2005-08-01000000', SER_ADV_MOBILE=u'12345', SER_ADV_ID=u'GMDEALER001SA01', ADDRESS=u'HSR LAYOUT', SER_ADV_NAME=u'TestUser01', KUNNR=u'GMDEALER001'), DealerModel(ACTIVE_FLAG=u'Y', TIMESTAMP=u'2005-08-01000000', SER_ADV_MOBILE=u'44444', SER_ADV_ID=u'GMDEALER001SA02', ADDRESS=u'HSR LAYOUT', SER_ADV_NAME=u'TestUser01', KUNNR=u'GMDEALER002'), DealerModel(ACTIVE_FLAG=u'Y', TIMESTAMP=u'2005-08-01000000', SER_ADV_MOBILE=u'555551', SER_ADV_ID=u'GMDEALER001SA03', ADDRESS=u'HSR LAYOUT', SER_ADV_NAME=u'TestUser01', KUNNR=u'GMDEALER004')]
]]></system-out></testcase><testcase classname="integration.test_feeds.FeedsResourceTest" name="test_update_customer_number" time="6.088"></testcase><testcase classname="integration.test_home.TestHome" name="test_home" time="0.000"></testcase><testcase classname="integration.test_message.BrandData" name="test_get_all_brand" time="0.028"><error type="exceptions.UnboundLocalError" message="local variable 'to_be_serialized' referenced before assignment&#10;-------------------- &gt;&gt; begin captured logging &lt;&lt; --------------------&#10;gladminds: INFO: Recieved Message from phone number: +910000000000 and message: BRAND BRAN&#10;parse: DEBUG: format '{key} {message}' -&gt; '(?P&lt;key&gt;.+?) (?P&lt;message&gt;.+?)'&#10;parse: DEBUG: format u'{brand_id}' -&gt; u'(?P&lt;brand_id&gt;.+?)'&#10;root: INFO: valid message format&#10;gladminds: INFO: The database failed to perform None:'module' object has no attribute 'atomic'&#10;django.request: ERROR: Internal Server Error: /v1/messages&#10;Traceback (most recent call last):&#10;  File &quot;/home/hasher/workspace/gladminds/eggs/Django-1.5.5-py2.7.egg/django/core/handlers/base.py&quot;, line 115, in get_response&#10;    response = callback(request, *callback_args, **callback_kwargs)&#10;  File &quot;/home/hasher/workspace/gladminds/eggs/Django-1.5.5-py2.7.egg/django/views/decorators/csrf.py&quot;, line 77, in wrapped_view&#10;    return view_func(*args, **kwargs)&#10;  File &quot;/home/hasher/workspace/gladminds/eggs/django_tastypie-0.11.0-py2.7.egg/tastypie/resources.py&quot;, line 195, in wrapper&#10;    response = callback(request, *args, **kwargs)&#10;  File &quot;/home/hasher/workspace/gladminds/src/gladminds/resource/resources.py&quot;, line 113, in dispatch_gladminds&#10;    return self.create_response(request, data=to_be_serialized)&#10;UnboundLocalError: local variable 'to_be_serialized' referenced before assignment&#10;--------------------- &gt;&gt; end captured logging &lt;&lt; ---------------------"><![CDATA[  File "/usr/lib/python2.7/unittest/case.py", line 331, in run
    testMethod()
  File "/home/hasher/workspace/gladminds/tests/integration/test_message.py", line 338, in test_get_all_brand
    self.MESSAGE_URL, data=self.INVALID_BRAND_ID)
  File "/home/hasher/workspace/gladminds/eggs/Django-1.5.5-py2.7.egg/django/test/client.py", line 463, in post
    response = super(Client, self).post(path, data=data, content_type=content_type, **extra)
  File "/home/hasher/workspace/gladminds/eggs/Django-1.5.5-py2.7.egg/django/test/client.py", line 297, in post
    return self.request(**r)
  File "/home/hasher/workspace/gladminds/eggs/Django-1.5.5-py2.7.egg/django/test/client.py", line 424, in request
    six.reraise(*exc_info)
  File "/home/hasher/workspace/gladminds/eggs/Django-1.5.5-py2.7.egg/django/core/handlers/base.py", line 115, in get_response
    response = callback(request, *callback_args, **callback_kwargs)
  File "/home/hasher/workspace/gladminds/eggs/Django-1.5.5-py2.7.egg/django/views/decorators/csrf.py", line 77, in wrapped_view
    return view_func(*args, **kwargs)
  File "/home/hasher/workspace/gladminds/eggs/django_tastypie-0.11.0-py2.7.egg/tastypie/resources.py", line 195, in wrapper
    response = callback(request, *args, **kwargs)
  File "/home/hasher/workspace/gladminds/src/gladminds/resource/resources.py", line 113, in dispatch_gladminds
    return self.create_response(request, data=to_be_serialized)
'local variable \'to_be_serialized\' referenced before assignment\n-------------------- >> begin captured logging << --------------------\ngladminds: INFO: Recieved Message from phone number: +910000000000 and message: BRAND BRAN\nparse: DEBUG: format \'{key} {message}\' -> \'(?P<key>.+?) (?P<message>.+?)\'\nparse: DEBUG: format u\'{brand_id}\' -> u\'(?P<brand_id>.+?)\'\nroot: INFO: valid message format\ngladminds: INFO: The database failed to perform None:\'module\' object has no attribute \'atomic\'\ndjango.request: ERROR: Internal Server Error: /v1/messages\nTraceback (most recent call last):\n  File "/home/hasher/workspace/gladminds/eggs/Django-1.5.5-py2.7.egg/django/core/handlers/base.py", line 115, in get_response\n    response = callback(request, *callback_args, **callback_kwargs)\n  File "/home/hasher/workspace/gladminds/eggs/Django-1.5.5-py2.7.egg/django/views/decorators/csrf.py", line 77, in wrapped_view\n    return view_func(*args, **kwargs)\n  File "/home/hasher/workspace/gladminds/eggs/django_tastypie-0.11.0-py2.7.egg/tastypie/resources.py", line 195, in wrapper\n    response = callback(request, *args, **kwargs)\n  File "/home/hasher/workspace/gladminds/src/gladminds/resource/resources.py", line 113, in dispatch_gladminds\n    return self.create_response(request, data=to_be_serialized)\nUnboundLocalError: local variable \'to_be_serialized\' referenced before assignment\n--------------------- >> end captured logging << ---------------------']]></error></testcase><testcase classname="integration.test_message.BrandData" name="test_get_all_products_of_a_brand" time="0.028"><error type="exceptions.UnboundLocalError" message="local variable 'to_be_serialized' referenced before assignment&#10;-------------------- &gt;&gt; begin captured logging &lt;&lt; --------------------&#10;gladminds: INFO: Recieved Message from phone number: +910000000000 and message: BRAND BRAND001&#10;parse: DEBUG: format '{key} {message}' -&gt; '(?P&lt;key&gt;.+?) (?P&lt;message&gt;.+?)'&#10;parse: DEBUG: format u'{brand_id}' -&gt; u'(?P&lt;brand_id&gt;.+?)'&#10;root: INFO: valid message format&#10;gladminds: INFO: The database failed to perform None:'module' object has no attribute 'atomic'&#10;django.request: ERROR: Internal Server Error: /v1/messages&#10;Traceback (most recent call last):&#10;  File &quot;/home/hasher/workspace/gladminds/eggs/Django-1.5.5-py2.7.egg/django/core/handlers/base.py&quot;, line 115, in get_response&#10;    response = callback(request, *callback_args, **callback_kwargs)&#10;  File &quot;/home/hasher/workspace/gladminds/eggs/Django-1.5.5-py2.7.egg/django/views/decorators/csrf.py&quot;, line 77, in wrapped_view&#10;    return view_func(*args, **kwargs)&#10;  File &quot;/home/hasher/workspace/gladminds/eggs/django_tastypie-0.11.0-py2.7.egg/tastypie/resources.py&quot;, line 195, in wrapper&#10;    response = callback(request, *args, **kwargs)&#10;  File &quot;/home/hasher/workspace/gladminds/src/gladminds/resource/resources.py&quot;, line 113, in dispatch_gladminds&#10;    return self.create_response(request, data=to_be_serialized)&#10;UnboundLocalError: local variable 'to_be_serialized' referenced before assignment&#10;--------------------- &gt;&gt; end captured logging &lt;&lt; ---------------------"><![CDATA[  File "/usr/lib/python2.7/unittest/case.py", line 331, in run
    testMethod()
  File "/home/hasher/workspace/gladminds/tests/integration/test_message.py", line 333, in test_get_all_products_of_a_brand
    self.MESSAGE_URL, data=self.VALID_BRAND_ID)
  File "/home/hasher/workspace/gladminds/eggs/Django-1.5.5-py2.7.egg/django/test/client.py", line 463, in post
    response = super(Client, self).post(path, data=data, content_type=content_type, **extra)
  File "/home/hasher/workspace/gladminds/eggs/Django-1.5.5-py2.7.egg/django/test/client.py", line 297, in post
    return self.request(**r)
  File "/home/hasher/workspace/gladminds/eggs/Django-1.5.5-py2.7.egg/django/test/client.py", line 424, in request
    six.reraise(*exc_info)
  File "/home/hasher/workspace/gladminds/eggs/Django-1.5.5-py2.7.egg/django/core/handlers/base.py", line 115, in get_response
    response = callback(request, *callback_args, **callback_kwargs)
  File "/home/hasher/workspace/gladminds/eggs/Django-1.5.5-py2.7.egg/django/views/decorators/csrf.py", line 77, in wrapped_view
    return view_func(*args, **kwargs)
  File "/home/hasher/workspace/gladminds/eggs/django_tastypie-0.11.0-py2.7.egg/tastypie/resources.py", line 195, in wrapper
    response = callback(request, *args, **kwargs)
  File "/home/hasher/workspace/gladminds/src/gladminds/resource/resources.py", line 113, in dispatch_gladminds
    return self.create_response(request, data=to_be_serialized)
'local variable \'to_be_serialized\' referenced before assignment\n-------------------- >> begin captured logging << --------------------\ngladminds: INFO: Recieved Message from phone number: +910000000000 and message: BRAND BRAND001\nparse: DEBUG: format \'{key} {message}\' -> \'(?P<key>.+?) (?P<message>.+?)\'\nparse: DEBUG: format u\'{brand_id}\' -> u\'(?P<brand_id>.+?)\'\nroot: INFO: valid message format\ngladminds: INFO: The database failed to perform None:\'module\' object has no attribute \'atomic\'\ndjango.request: ERROR: Internal Server Error: /v1/messages\nTraceback (most recent call last):\n  File "/home/hasher/workspace/gladminds/eggs/Django-1.5.5-py2.7.egg/django/core/handlers/base.py", line 115, in get_response\n    response = callback(request, *callback_args, **callback_kwargs)\n  File "/home/hasher/workspace/gladminds/eggs/Django-1.5.5-py2.7.egg/django/views/decorators/csrf.py", line 77, in wrapped_view\n    return view_func(*args, **kwargs)\n  File "/home/hasher/workspace/gladminds/eggs/django_tastypie-0.11.0-py2.7.egg/tastypie/resources.py", line 195, in wrapper\n    response = callback(request, *args, **kwargs)\n  File "/home/hasher/workspace/gladminds/src/gladminds/resource/resources.py", line 113, in dispatch_gladminds\n    return self.create_response(request, data=to_be_serialized)\nUnboundLocalError: local variable \'to_be_serialized\' referenced before assignment\n--------------------- >> end captured logging << ---------------------']]></error></testcase><testcase classname="integration.test_message.CouponCheckAndClosure" name="test_coupon_expiry" time="0.071"><error type="exceptions.UnboundLocalError" message="local variable 'to_be_serialized' referenced before assignment&#10;-------------------- &gt;&gt; begin captured logging &lt;&lt; --------------------&#10;gladminds: INFO: triggered update_coupon_data&#10;gladminds: INFO: Recieved Message from phone number: +919999999999 and message: A SAP001 2050 3&#10;parse: DEBUG: format '{key} {message}' -&gt; '(?P&lt;key&gt;.+?) (?P&lt;message&gt;.+?)'&#10;parse: DEBUG: format u'{sap_customer_id} {kms} {service_type}' -&gt; u'(?P&lt;sap_customer_id&gt;.+?) (?P&lt;kms&gt;.+?) (?P&lt;service_type&gt;.+?)'&#10;root: INFO: valid message format&#10;gladminds: INFO: The database failed to perform None:'module' object has no attribute 'atomic'&#10;django.request: ERROR: Internal Server Error: /v1/messages&#10;Traceback (most recent call last):&#10;  File &quot;/home/hasher/workspace/gladminds/eggs/Django-1.5.5-py2.7.egg/django/core/handlers/base.py&quot;, line 115, in get_response&#10;    response = callback(request, *callback_args, **callback_kwargs)&#10;  File &quot;/home/hasher/workspace/gladminds/eggs/Django-1.5.5-py2.7.egg/django/views/decorators/csrf.py&quot;, line 77, in wrapped_view&#10;    return view_func(*args, **kwargs)&#10;  File &quot;/home/hasher/workspace/gladminds/eggs/django_tastypie-0.11.0-py2.7.egg/tastypie/resources.py&quot;, line 195, in wrapper&#10;    response = callback(request, *args, **kwargs)&#10;  File &quot;/home/hasher/workspace/gladminds/src/gladminds/resource/resources.py&quot;, line 113, in dispatch_gladminds&#10;    return self.create_response(request, data=to_be_serialized)&#10;UnboundLocalError: local variable 'to_be_serialized' referenced before assignment&#10;--------------------- &gt;&gt; end captured logging &lt;&lt; ---------------------"><![CDATA[  File "/usr/lib/python2.7/unittest/case.py", line 331, in run
    testMethod()
  File "/home/hasher/workspace/gladminds/tests/integration/test_message.py", line 141, in test_coupon_expiry
    self.validate_coupon(sms_dict, '9999999999')
  File "/home/hasher/workspace/gladminds/tests/integration/test_message.py", line 111, in validate_coupon
    result = client.post('/v1/messages', data={'text': data, 'phoneNumber' : phone_number})
  File "/home/hasher/workspace/gladminds/eggs/Django-1.5.5-py2.7.egg/django/test/client.py", line 463, in post
    response = super(Client, self).post(path, data=data, content_type=content_type, **extra)
  File "/home/hasher/workspace/gladminds/eggs/Django-1.5.5-py2.7.egg/django/test/client.py", line 297, in post
    return self.request(**r)
  File "/home/hasher/workspace/gladminds/eggs/Django-1.5.5-py2.7.egg/django/test/client.py", line 424, in request
    six.reraise(*exc_info)
  File "/home/hasher/workspace/gladminds/eggs/Django-1.5.5-py2.7.egg/django/core/handlers/base.py", line 115, in get_response
    response = callback(request, *callback_args, **callback_kwargs)
  File "/home/hasher/workspace/gladminds/eggs/Django-1.5.5-py2.7.egg/django/views/decorators/csrf.py", line 77, in wrapped_view
    return view_func(*args, **kwargs)
  File "/home/hasher/workspace/gladminds/eggs/django_tastypie-0.11.0-py2.7.egg/tastypie/resources.py", line 195, in wrapper
    response = callback(request, *args, **kwargs)
  File "/home/hasher/workspace/gladminds/src/gladminds/resource/resources.py", line 113, in dispatch_gladminds
    return self.create_response(request, data=to_be_serialized)
'local variable \'to_be_serialized\' referenced before assignment\n-------------------- >> begin captured logging << --------------------\ngladminds: INFO: triggered update_coupon_data\ngladminds: INFO: Recieved Message from phone number: +919999999999 and message: A SAP001 2050 3\nparse: DEBUG: format \'{key} {message}\' -> \'(?P<key>.+?) (?P<message>.+?)\'\nparse: DEBUG: format u\'{sap_customer_id} {kms} {service_type}\' -> u\'(?P<sap_customer_id>.+?) (?P<kms>.+?) (?P<service_type>.+?)\'\nroot: INFO: valid message format\ngladminds: INFO: The database failed to perform None:\'module\' object has no attribute \'atomic\'\ndjango.request: ERROR: Internal Server Error: /v1/messages\nTraceback (most recent call last):\n  File "/home/hasher/workspace/gladminds/eggs/Django-1.5.5-py2.7.egg/django/core/handlers/base.py", line 115, in get_response\n    response = callback(request, *callback_args, **callback_kwargs)\n  File "/home/hasher/workspace/gladminds/eggs/Django-1.5.5-py2.7.egg/django/views/decorators/csrf.py", line 77, in wrapped_view\n    return view_func(*args, **kwargs)\n  File "/home/hasher/workspace/gladminds/eggs/django_tastypie-0.11.0-py2.7.egg/tastypie/resources.py", line 195, in wrapper\n    response = callback(request, *args, **kwargs)\n  File "/home/hasher/workspace/gladminds/src/gladminds/resource/resources.py", line 113, in dispatch_gladminds\n    return self.create_response(request, data=to_be_serialized)\nUnboundLocalError: local variable \'to_be_serialized\' referenced before assignment\n--------------------- >> end captured logging << ---------------------']]></error></testcase><testcase classname="integration.test_message.CouponCheckAndClosure" name="test_forward_logic_1" time="0.071"><error type="exceptions.UnboundLocalError" message="local variable 'to_be_serialized' referenced before assignment&#10;-------------------- &gt;&gt; begin captured logging &lt;&lt; --------------------&#10;gladminds: INFO: triggered update_coupon_data&#10;gladminds: INFO: Recieved Message from phone number: +919999999999 and message: A SAP001 450 2&#10;parse: DEBUG: format '{key} {message}' -&gt; '(?P&lt;key&gt;.+?) (?P&lt;message&gt;.+?)'&#10;parse: DEBUG: format u'{sap_customer_id} {kms} {service_type}' -&gt; u'(?P&lt;sap_customer_id&gt;.+?) (?P&lt;kms&gt;.+?) (?P&lt;service_type&gt;.+?)'&#10;root: INFO: valid message format&#10;gladminds: INFO: The database failed to perform None:'module' object has no attribute 'atomic'&#10;django.request: ERROR: Internal Server Error: /v1/messages&#10;Traceback (most recent call last):&#10;  File &quot;/home/hasher/workspace/gladminds/eggs/Django-1.5.5-py2.7.egg/django/core/handlers/base.py&quot;, line 115, in get_response&#10;    response = callback(request, *callback_args, **callback_kwargs)&#10;  File &quot;/home/hasher/workspace/gladminds/eggs/Django-1.5.5-py2.7.egg/django/views/decorators/csrf.py&quot;, line 77, in wrapped_view&#10;    return view_func(*args, **kwargs)&#10;  File &quot;/home/hasher/workspace/gladminds/eggs/django_tastypie-0.11.0-py2.7.egg/tastypie/resources.py&quot;, line 195, in wrapper&#10;    response = callback(request, *args, **kwargs)&#10;  File &quot;/home/hasher/workspace/gladminds/src/gladminds/resource/resources.py&quot;, line 113, in dispatch_gladminds&#10;    return self.create_response(request, data=to_be_serialized)&#10;UnboundLocalError: local variable 'to_be_serialized' referenced before assignment&#10;--------------------- &gt;&gt; end captured logging &lt;&lt; ---------------------"><![CDATA[  File "/usr/lib/python2.7/unittest/case.py", line 331, in run
    testMethod()
  File "/home/hasher/workspace/gladminds/tests/integration/test_message.py", line 171, in test_forward_logic_1
    self.validate_coupon(sms_dict, phone_number)
  File "/home/hasher/workspace/gladminds/tests/integration/test_message.py", line 111, in validate_coupon
    result = client.post('/v1/messages', data={'text': data, 'phoneNumber' : phone_number})
  File "/home/hasher/workspace/gladminds/eggs/Django-1.5.5-py2.7.egg/django/test/client.py", line 463, in post
    response = super(Client, self).post(path, data=data, content_type=content_type, **extra)
  File "/home/hasher/workspace/gladminds/eggs/Django-1.5.5-py2.7.egg/django/test/client.py", line 297, in post
    return self.request(**r)
  File "/home/hasher/workspace/gladminds/eggs/Django-1.5.5-py2.7.egg/django/test/client.py", line 424, in request
    six.reraise(*exc_info)
  File "/home/hasher/workspace/gladminds/eggs/Django-1.5.5-py2.7.egg/django/core/handlers/base.py", line 115, in get_response
    response = callback(request, *callback_args, **callback_kwargs)
  File "/home/hasher/workspace/gladminds/eggs/Django-1.5.5-py2.7.egg/django/views/decorators/csrf.py", line 77, in wrapped_view
    return view_func(*args, **kwargs)
  File "/home/hasher/workspace/gladminds/eggs/django_tastypie-0.11.0-py2.7.egg/tastypie/resources.py", line 195, in wrapper
    response = callback(request, *args, **kwargs)
  File "/home/hasher/workspace/gladminds/src/gladminds/resource/resources.py", line 113, in dispatch_gladminds
    return self.create_response(request, data=to_be_serialized)
'local variable \'to_be_serialized\' referenced before assignment\n-------------------- >> begin captured logging << --------------------\ngladminds: INFO: triggered update_coupon_data\ngladminds: INFO: Recieved Message from phone number: +919999999999 and message: A SAP001 450 2\nparse: DEBUG: format \'{key} {message}\' -> \'(?P<key>.+?) (?P<message>.+?)\'\nparse: DEBUG: format u\'{sap_customer_id} {kms} {service_type}\' -> u\'(?P<sap_customer_id>.+?) (?P<kms>.+?) (?P<service_type>.+?)\'\nroot: INFO: valid message format\ngladminds: INFO: The database failed to perform None:\'module\' object has no attribute \'atomic\'\ndjango.request: ERROR: Internal Server Error: /v1/messages\nTraceback (most recent call last):\n  File "/home/hasher/workspace/gladminds/eggs/Django-1.5.5-py2.7.egg/django/core/handlers/base.py", line 115, in get_response\n    response = callback(request, *callback_args, **callback_kwargs)\n  File "/home/hasher/workspace/gladminds/eggs/Django-1.5.5-py2.7.egg/django/views/decorators/csrf.py", line 77, in wrapped_view\n    return view_func(*args, **kwargs)\n  File "/home/hasher/workspace/gladminds/eggs/django_tastypie-0.11.0-py2.7.egg/tastypie/resources.py", line 195, in wrapper\n    response = callback(request, *args, **kwargs)\n  File "/home/hasher/workspace/gladminds/src/gladminds/resource/resources.py", line 113, in dispatch_gladminds\n    return self.create_response(request, data=to_be_serialized)\nUnboundLocalError: local variable \'to_be_serialized\' referenced before assignment\n--------------------- >> end captured logging << ---------------------']]></error></testcase><testcase classname="integration.test_message.CouponCheckAndClosure" name="test_forward_logic_2" time="0.072"><error type="exceptions.UnboundLocalError" message="local variable 'to_be_serialized' referenced before assignment&#10;-------------------- &gt;&gt; begin captured logging &lt;&lt; --------------------&#10;gladminds: INFO: triggered update_coupon_data&#10;gladminds: INFO: Recieved Message from phone number: +919999999999 and message: A SAP001 450 2&#10;parse: DEBUG: format '{key} {message}' -&gt; '(?P&lt;key&gt;.+?) (?P&lt;message&gt;.+?)'&#10;parse: DEBUG: format u'{sap_customer_id} {kms} {service_type}' -&gt; u'(?P&lt;sap_customer_id&gt;.+?) (?P&lt;kms&gt;.+?) (?P&lt;service_type&gt;.+?)'&#10;root: INFO: valid message format&#10;gladminds: INFO: The database failed to perform None:'module' object has no attribute 'atomic'&#10;django.request: ERROR: Internal Server Error: /v1/messages&#10;Traceback (most recent call last):&#10;  File &quot;/home/hasher/workspace/gladminds/eggs/Django-1.5.5-py2.7.egg/django/core/handlers/base.py&quot;, line 115, in get_response&#10;    response = callback(request, *callback_args, **callback_kwargs)&#10;  File &quot;/home/hasher/workspace/gladminds/eggs/Django-1.5.5-py2.7.egg/django/views/decorators/csrf.py&quot;, line 77, in wrapped_view&#10;    return view_func(*args, **kwargs)&#10;  File &quot;/home/hasher/workspace/gladminds/eggs/django_tastypie-0.11.0-py2.7.egg/tastypie/resources.py&quot;, line 195, in wrapper&#10;    response = callback(request, *args, **kwargs)&#10;  File &quot;/home/hasher/workspace/gladminds/src/gladminds/resource/resources.py&quot;, line 113, in dispatch_gladminds&#10;    return self.create_response(request, data=to_be_serialized)&#10;UnboundLocalError: local variable 'to_be_serialized' referenced before assignment&#10;--------------------- &gt;&gt; end captured logging &lt;&lt; ---------------------"><![CDATA[  File "/usr/lib/python2.7/unittest/case.py", line 331, in run
    testMethod()
  File "/home/hasher/workspace/gladminds/tests/integration/test_message.py", line 192, in test_forward_logic_2
    self.validate_coupon(sms_dict, phone_number)
  File "/home/hasher/workspace/gladminds/tests/integration/test_message.py", line 111, in validate_coupon
    result = client.post('/v1/messages', data={'text': data, 'phoneNumber' : phone_number})
  File "/home/hasher/workspace/gladminds/eggs/Django-1.5.5-py2.7.egg/django/test/client.py", line 463, in post
    response = super(Client, self).post(path, data=data, content_type=content_type, **extra)
  File "/home/hasher/workspace/gladminds/eggs/Django-1.5.5-py2.7.egg/django/test/client.py", line 297, in post
    return self.request(**r)
  File "/home/hasher/workspace/gladminds/eggs/Django-1.5.5-py2.7.egg/django/test/client.py", line 424, in request
    six.reraise(*exc_info)
  File "/home/hasher/workspace/gladminds/eggs/Django-1.5.5-py2.7.egg/django/core/handlers/base.py", line 115, in get_response
    response = callback(request, *callback_args, **callback_kwargs)
  File "/home/hasher/workspace/gladminds/eggs/Django-1.5.5-py2.7.egg/django/views/decorators/csrf.py", line 77, in wrapped_view
    return view_func(*args, **kwargs)
  File "/home/hasher/workspace/gladminds/eggs/django_tastypie-0.11.0-py2.7.egg/tastypie/resources.py", line 195, in wrapper
    response = callback(request, *args, **kwargs)
  File "/home/hasher/workspace/gladminds/src/gladminds/resource/resources.py", line 113, in dispatch_gladminds
    return self.create_response(request, data=to_be_serialized)
'local variable \'to_be_serialized\' referenced before assignment\n-------------------- >> begin captured logging << --------------------\ngladminds: INFO: triggered update_coupon_data\ngladminds: INFO: Recieved Message from phone number: +919999999999 and message: A SAP001 450 2\nparse: DEBUG: format \'{key} {message}\' -> \'(?P<key>.+?) (?P<message>.+?)\'\nparse: DEBUG: format u\'{sap_customer_id} {kms} {service_type}\' -> u\'(?P<sap_customer_id>.+?) (?P<kms>.+?) (?P<service_type>.+?)\'\nroot: INFO: valid message format\ngladminds: INFO: The database failed to perform None:\'module\' object has no attribute \'atomic\'\ndjango.request: ERROR: Internal Server Error: /v1/messages\nTraceback (most recent call last):\n  File "/home/hasher/workspace/gladminds/eggs/Django-1.5.5-py2.7.egg/django/core/handlers/base.py", line 115, in get_response\n    response = callback(request, *callback_args, **callback_kwargs)\n  File "/home/hasher/workspace/gladminds/eggs/Django-1.5.5-py2.7.egg/django/views/decorators/csrf.py", line 77, in wrapped_view\n    return view_func(*args, **kwargs)\n  File "/home/hasher/workspace/gladminds/eggs/django_tastypie-0.11.0-py2.7.egg/tastypie/resources.py", line 195, in wrapper\n    response = callback(request, *args, **kwargs)\n  File "/home/hasher/workspace/gladminds/src/gladminds/resource/resources.py", line 113, in dispatch_gladminds\n    return self.create_response(request, data=to_be_serialized)\nUnboundLocalError: local variable \'to_be_serialized\' referenced before assignment\n--------------------- >> end captured logging << ---------------------']]></error></testcase><testcase classname="integration.test_message.CouponCheckAndClosure" name="test_forward_logic_3" time="0.071"><error type="exceptions.UnboundLocalError" message="local variable 'to_be_serialized' referenced before assignment&#10;-------------------- &gt;&gt; begin captured logging &lt;&lt; --------------------&#10;gladminds: INFO: triggered update_coupon_data&#10;gladminds: INFO: Recieved Message from phone number: +919999999999 and message: A SAP001 1100 2&#10;parse: DEBUG: format '{key} {message}' -&gt; '(?P&lt;key&gt;.+?) (?P&lt;message&gt;.+?)'&#10;parse: DEBUG: format u'{sap_customer_id} {kms} {service_type}' -&gt; u'(?P&lt;sap_customer_id&gt;.+?) (?P&lt;kms&gt;.+?) (?P&lt;service_type&gt;.+?)'&#10;root: INFO: valid message format&#10;gladminds: INFO: The database failed to perform None:'module' object has no attribute 'atomic'&#10;django.request: ERROR: Internal Server Error: /v1/messages&#10;Traceback (most recent call last):&#10;  File &quot;/home/hasher/workspace/gladminds/eggs/Django-1.5.5-py2.7.egg/django/core/handlers/base.py&quot;, line 115, in get_response&#10;    response = callback(request, *callback_args, **callback_kwargs)&#10;  File &quot;/home/hasher/workspace/gladminds/eggs/Django-1.5.5-py2.7.egg/django/views/decorators/csrf.py&quot;, line 77, in wrapped_view&#10;    return view_func(*args, **kwargs)&#10;  File &quot;/home/hasher/workspace/gladminds/eggs/django_tastypie-0.11.0-py2.7.egg/tastypie/resources.py&quot;, line 195, in wrapper&#10;    response = callback(request, *args, **kwargs)&#10;  File &quot;/home/hasher/workspace/gladminds/src/gladminds/resource/resources.py&quot;, line 113, in dispatch_gladminds&#10;    return self.create_response(request, data=to_be_serialized)&#10;UnboundLocalError: local variable 'to_be_serialized' referenced before assignment&#10;--------------------- &gt;&gt; end captured logging &lt;&lt; ---------------------"><![CDATA[  File "/usr/lib/python2.7/unittest/case.py", line 331, in run
    testMethod()
  File "/home/hasher/workspace/gladminds/tests/integration/test_message.py", line 218, in test_forward_logic_3
    self.validate_coupon(sms_dict, phone_number)
  File "/home/hasher/workspace/gladminds/tests/integration/test_message.py", line 111, in validate_coupon
    result = client.post('/v1/messages', data={'text': data, 'phoneNumber' : phone_number})
  File "/home/hasher/workspace/gladminds/eggs/Django-1.5.5-py2.7.egg/django/test/client.py", line 463, in post
    response = super(Client, self).post(path, data=data, content_type=content_type, **extra)
  File "/home/hasher/workspace/gladminds/eggs/Django-1.5.5-py2.7.egg/django/test/client.py", line 297, in post
    return self.request(**r)
  File "/home/hasher/workspace/gladminds/eggs/Django-1.5.5-py2.7.egg/django/test/client.py", line 424, in request
    six.reraise(*exc_info)
  File "/home/hasher/workspace/gladminds/eggs/Django-1.5.5-py2.7.egg/django/core/handlers/base.py", line 115, in get_response
    response = callback(request, *callback_args, **callback_kwargs)
  File "/home/hasher/workspace/gladminds/eggs/Django-1.5.5-py2.7.egg/django/views/decorators/csrf.py", line 77, in wrapped_view
    return view_func(*args, **kwargs)
  File "/home/hasher/workspace/gladminds/eggs/django_tastypie-0.11.0-py2.7.egg/tastypie/resources.py", line 195, in wrapper
    response = callback(request, *args, **kwargs)
  File "/home/hasher/workspace/gladminds/src/gladminds/resource/resources.py", line 113, in dispatch_gladminds
    return self.create_response(request, data=to_be_serialized)
'local variable \'to_be_serialized\' referenced before assignment\n-------------------- >> begin captured logging << --------------------\ngladminds: INFO: triggered update_coupon_data\ngladminds: INFO: Recieved Message from phone number: +919999999999 and message: A SAP001 1100 2\nparse: DEBUG: format \'{key} {message}\' -> \'(?P<key>.+?) (?P<message>.+?)\'\nparse: DEBUG: format u\'{sap_customer_id} {kms} {service_type}\' -> u\'(?P<sap_customer_id>.+?) (?P<kms>.+?) (?P<service_type>.+?)\'\nroot: INFO: valid message format\ngladminds: INFO: The database failed to perform None:\'module\' object has no attribute \'atomic\'\ndjango.request: ERROR: Internal Server Error: /v1/messages\nTraceback (most recent call last):\n  File "/home/hasher/workspace/gladminds/eggs/Django-1.5.5-py2.7.egg/django/core/handlers/base.py", line 115, in get_response\n    response = callback(request, *callback_args, **callback_kwargs)\n  File "/home/hasher/workspace/gladminds/eggs/Django-1.5.5-py2.7.egg/django/views/decorators/csrf.py", line 77, in wrapped_view\n    return view_func(*args, **kwargs)\n  File "/home/hasher/workspace/gladminds/eggs/django_tastypie-0.11.0-py2.7.egg/tastypie/resources.py", line 195, in wrapper\n    response = callback(request, *args, **kwargs)\n  File "/home/hasher/workspace/gladminds/src/gladminds/resource/resources.py", line 113, in dispatch_gladminds\n    return self.create_response(request, data=to_be_serialized)\nUnboundLocalError: local variable \'to_be_serialized\' referenced before assignment\n--------------------- >> end captured logging << ---------------------']]></error></testcase><testcase classname="integration.test_message.CouponCheckAndClosure" name="test_forward_logic_4" time="0.072"><error type="exceptions.UnboundLocalError" message="local variable 'to_be_serialized' referenced before assignment&#10;-------------------- &gt;&gt; begin captured logging &lt;&lt; --------------------&#10;gladminds: INFO: triggered update_coupon_data&#10;gladminds: INFO: Recieved Message from phone number: +919999999999 and message: A SAP001 450 1&#10;parse: DEBUG: format '{key} {message}' -&gt; '(?P&lt;key&gt;.+?) (?P&lt;message&gt;.+?)'&#10;parse: DEBUG: format u'{sap_customer_id} {kms} {service_type}' -&gt; u'(?P&lt;sap_customer_id&gt;.+?) (?P&lt;kms&gt;.+?) (?P&lt;service_type&gt;.+?)'&#10;root: INFO: valid message format&#10;gladminds: INFO: The database failed to perform None:'module' object has no attribute 'atomic'&#10;django.request: ERROR: Internal Server Error: /v1/messages&#10;Traceback (most recent call last):&#10;  File &quot;/home/hasher/workspace/gladminds/eggs/Django-1.5.5-py2.7.egg/django/core/handlers/base.py&quot;, line 115, in get_response&#10;    response = callback(request, *callback_args, **callback_kwargs)&#10;  File &quot;/home/hasher/workspace/gladminds/eggs/Django-1.5.5-py2.7.egg/django/views/decorators/csrf.py&quot;, line 77, in wrapped_view&#10;    return view_func(*args, **kwargs)&#10;  File &quot;/home/hasher/workspace/gladminds/eggs/django_tastypie-0.11.0-py2.7.egg/tastypie/resources.py&quot;, line 195, in wrapper&#10;    response = callback(request, *args, **kwargs)&#10;  File &quot;/home/hasher/workspace/gladminds/src/gladminds/resource/resources.py&quot;, line 113, in dispatch_gladminds&#10;    return self.create_response(request, data=to_be_serialized)&#10;UnboundLocalError: local variable 'to_be_serialized' referenced before assignment&#10;--------------------- &gt;&gt; end captured logging &lt;&lt; ---------------------"><![CDATA[  File "/usr/lib/python2.7/unittest/case.py", line 331, in run
    testMethod()
  File "/home/hasher/workspace/gladminds/tests/integration/test_message.py", line 245, in test_forward_logic_4
    self.validate_coupon(sms_dict, phone_number)
  File "/home/hasher/workspace/gladminds/tests/integration/test_message.py", line 111, in validate_coupon
    result = client.post('/v1/messages', data={'text': data, 'phoneNumber' : phone_number})
  File "/home/hasher/workspace/gladminds/eggs/Django-1.5.5-py2.7.egg/django/test/client.py", line 463, in post
    response = super(Client, self).post(path, data=data, content_type=content_type, **extra)
  File "/home/hasher/workspace/gladminds/eggs/Django-1.5.5-py2.7.egg/django/test/client.py", line 297, in post
    return self.request(**r)
  File "/home/hasher/workspace/gladminds/eggs/Django-1.5.5-py2.7.egg/django/test/client.py", line 424, in request
    six.reraise(*exc_info)
  File "/home/hasher/workspace/gladminds/eggs/Django-1.5.5-py2.7.egg/django/core/handlers/base.py", line 115, in get_response
    response = callback(request, *callback_args, **callback_kwargs)
  File "/home/hasher/workspace/gladminds/eggs/Django-1.5.5-py2.7.egg/django/views/decorators/csrf.py", line 77, in wrapped_view
    return view_func(*args, **kwargs)
  File "/home/hasher/workspace/gladminds/eggs/django_tastypie-0.11.0-py2.7.egg/tastypie/resources.py", line 195, in wrapper
    response = callback(request, *args, **kwargs)
  File "/home/hasher/workspace/gladminds/src/gladminds/resource/resources.py", line 113, in dispatch_gladminds
    return self.create_response(request, data=to_be_serialized)
'local variable \'to_be_serialized\' referenced before assignment\n-------------------- >> begin captured logging << --------------------\ngladminds: INFO: triggered update_coupon_data\ngladminds: INFO: Recieved Message from phone number: +919999999999 and message: A SAP001 450 1\nparse: DEBUG: format \'{key} {message}\' -> \'(?P<key>.+?) (?P<message>.+?)\'\nparse: DEBUG: format u\'{sap_customer_id} {kms} {service_type}\' -> u\'(?P<sap_customer_id>.+?) (?P<kms>.+?) (?P<service_type>.+?)\'\nroot: INFO: valid message format\ngladminds: INFO: The database failed to perform None:\'module\' object has no attribute \'atomic\'\ndjango.request: ERROR: Internal Server Error: /v1/messages\nTraceback (most recent call last):\n  File "/home/hasher/workspace/gladminds/eggs/Django-1.5.5-py2.7.egg/django/core/handlers/base.py", line 115, in get_response\n    response = callback(request, *callback_args, **callback_kwargs)\n  File "/home/hasher/workspace/gladminds/eggs/Django-1.5.5-py2.7.egg/django/views/decorators/csrf.py", line 77, in wrapped_view\n    return view_func(*args, **kwargs)\n  File "/home/hasher/workspace/gladminds/eggs/django_tastypie-0.11.0-py2.7.egg/tastypie/resources.py", line 195, in wrapper\n    response = callback(request, *args, **kwargs)\n  File "/home/hasher/workspace/gladminds/src/gladminds/resource/resources.py", line 113, in dispatch_gladminds\n    return self.create_response(request, data=to_be_serialized)\nUnboundLocalError: local variable \'to_be_serialized\' referenced before assignment\n--------------------- >> end captured logging << ---------------------']]></error></testcase><testcase classname="integration.test_message.CouponCheckAndClosure" name="test_forward_logic_5" time="0.072"><error type="exceptions.UnboundLocalError" message="local variable 'to_be_serialized' referenced before assignment&#10;-------------------- &gt;&gt; begin captured logging &lt;&lt; --------------------&#10;gladminds: INFO: triggered update_coupon_data&#10;gladminds: INFO: Recieved Message from phone number: +919999999999 and message: A SAP001 1100 2&#10;parse: DEBUG: format '{key} {message}' -&gt; '(?P&lt;key&gt;.+?) (?P&lt;message&gt;.+?)'&#10;parse: DEBUG: format u'{sap_customer_id} {kms} {service_type}' -&gt; u'(?P&lt;sap_customer_id&gt;.+?) (?P&lt;kms&gt;.+?) (?P&lt;service_type&gt;.+?)'&#10;root: INFO: valid message format&#10;gladminds: INFO: The database failed to perform None:'module' object has no attribute 'atomic'&#10;django.request: ERROR: Internal Server Error: /v1/messages&#10;Traceback (most recent call last):&#10;  File &quot;/home/hasher/workspace/gladminds/eggs/Django-1.5.5-py2.7.egg/django/core/handlers/base.py&quot;, line 115, in get_response&#10;    response = callback(request, *callback_args, **callback_kwargs)&#10;  File &quot;/home/hasher/workspace/gladminds/eggs/Django-1.5.5-py2.7.egg/django/views/decorators/csrf.py&quot;, line 77, in wrapped_view&#10;    return view_func(*args, **kwargs)&#10;  File &quot;/home/hasher/workspace/gladminds/eggs/django_tastypie-0.11.0-py2.7.egg/tastypie/resources.py&quot;, line 195, in wrapper&#10;    response = callback(request, *args, **kwargs)&#10;  File &quot;/home/hasher/workspace/gladminds/src/gladminds/resource/resources.py&quot;, line 113, in dispatch_gladminds&#10;    return self.create_response(request, data=to_be_serialized)&#10;UnboundLocalError: local variable 'to_be_serialized' referenced before assignment&#10;--------------------- &gt;&gt; end captured logging &lt;&lt; ---------------------"><![CDATA[  File "/usr/lib/python2.7/unittest/case.py", line 331, in run
    testMethod()
  File "/home/hasher/workspace/gladminds/tests/integration/test_message.py", line 279, in test_forward_logic_5
    self.validate_coupon(sms_dict, phone_number)
  File "/home/hasher/workspace/gladminds/tests/integration/test_message.py", line 111, in validate_coupon
    result = client.post('/v1/messages', data={'text': data, 'phoneNumber' : phone_number})
  File "/home/hasher/workspace/gladminds/eggs/Django-1.5.5-py2.7.egg/django/test/client.py", line 463, in post
    response = super(Client, self).post(path, data=data, content_type=content_type, **extra)
  File "/home/hasher/workspace/gladminds/eggs/Django-1.5.5-py2.7.egg/django/test/client.py", line 297, in post
    return self.request(**r)
  File "/home/hasher/workspace/gladminds/eggs/Django-1.5.5-py2.7.egg/django/test/client.py", line 424, in request
    six.reraise(*exc_info)
  File "/home/hasher/workspace/gladminds/eggs/Django-1.5.5-py2.7.egg/django/core/handlers/base.py", line 115, in get_response
    response = callback(request, *callback_args, **callback_kwargs)
  File "/home/hasher/workspace/gladminds/eggs/Django-1.5.5-py2.7.egg/django/views/decorators/csrf.py", line 77, in wrapped_view
    return view_func(*args, **kwargs)
  File "/home/hasher/workspace/gladminds/eggs/django_tastypie-0.11.0-py2.7.egg/tastypie/resources.py", line 195, in wrapper
    response = callback(request, *args, **kwargs)
  File "/home/hasher/workspace/gladminds/src/gladminds/resource/resources.py", line 113, in dispatch_gladminds
    return self.create_response(request, data=to_be_serialized)
'local variable \'to_be_serialized\' referenced before assignment\n-------------------- >> begin captured logging << --------------------\ngladminds: INFO: triggered update_coupon_data\ngladminds: INFO: Recieved Message from phone number: +919999999999 and message: A SAP001 1100 2\nparse: DEBUG: format \'{key} {message}\' -> \'(?P<key>.+?) (?P<message>.+?)\'\nparse: DEBUG: format u\'{sap_customer_id} {kms} {service_type}\' -> u\'(?P<sap_customer_id>.+?) (?P<kms>.+?) (?P<service_type>.+?)\'\nroot: INFO: valid message format\ngladminds: INFO: The database failed to perform None:\'module\' object has no attribute \'atomic\'\ndjango.request: ERROR: Internal Server Error: /v1/messages\nTraceback (most recent call last):\n  File "/home/hasher/workspace/gladminds/eggs/Django-1.5.5-py2.7.egg/django/core/handlers/base.py", line 115, in get_response\n    response = callback(request, *callback_args, **callback_kwargs)\n  File "/home/hasher/workspace/gladminds/eggs/Django-1.5.5-py2.7.egg/django/views/decorators/csrf.py", line 77, in wrapped_view\n    return view_func(*args, **kwargs)\n  File "/home/hasher/workspace/gladminds/eggs/django_tastypie-0.11.0-py2.7.egg/tastypie/resources.py", line 195, in wrapper\n    response = callback(request, *args, **kwargs)\n  File "/home/hasher/workspace/gladminds/src/gladminds/resource/resources.py", line 113, in dispatch_gladminds\n    return self.create_response(request, data=to_be_serialized)\nUnboundLocalError: local variable \'to_be_serialized\' referenced before assignment\n--------------------- >> end captured logging << ---------------------']]></error></testcase><testcase classname="integration.test_message.CouponCheckAndClosure" name="test_invalid_ucn_or_sap_id" time="0.072"><error type="exceptions.UnboundLocalError" message="local variable 'to_be_serialized' referenced before assignment&#10;-------------------- &gt;&gt; begin captured logging &lt;&lt; --------------------&#10;gladminds: INFO: triggered update_coupon_data&#10;gladminds: INFO: Recieved Message from phone number: +919999999999 and message: C SAP004 USC002&#10;parse: DEBUG: format '{key} {message}' -&gt; '(?P&lt;key&gt;.+?) (?P&lt;message&gt;.+?)'&#10;parse: DEBUG: format u'{sap_customer_id} {usc}' -&gt; u'(?P&lt;sap_customer_id&gt;.+?) (?P&lt;usc&gt;.+?)'&#10;root: INFO: valid message format&#10;gladminds: INFO: The database failed to perform None:'module' object has no attribute 'atomic'&#10;django.request: ERROR: Internal Server Error: /v1/messages&#10;Traceback (most recent call last):&#10;  File &quot;/home/hasher/workspace/gladminds/eggs/Django-1.5.5-py2.7.egg/django/core/handlers/base.py&quot;, line 115, in get_response&#10;    response = callback(request, *callback_args, **callback_kwargs)&#10;  File &quot;/home/hasher/workspace/gladminds/eggs/Django-1.5.5-py2.7.egg/django/views/decorators/csrf.py&quot;, line 77, in wrapped_view&#10;    return view_func(*args, **kwargs)&#10;  File &quot;/home/hasher/workspace/gladminds/eggs/django_tastypie-0.11.0-py2.7.egg/tastypie/resources.py&quot;, line 195, in wrapper&#10;    response = callback(request, *args, **kwargs)&#10;  File &quot;/home/hasher/workspace/gladminds/src/gladminds/resource/resources.py&quot;, line 113, in dispatch_gladminds&#10;    return self.create_response(request, data=to_be_serialized)&#10;UnboundLocalError: local variable 'to_be_serialized' referenced before assignment&#10;--------------------- &gt;&gt; end captured logging &lt;&lt; ---------------------"><![CDATA[  File "/usr/lib/python2.7/unittest/case.py", line 331, in run
    testMethod()
  File "/home/hasher/workspace/gladminds/tests/integration/test_message.py", line 154, in test_invalid_ucn_or_sap_id
    result = client.post('/v1/messages', data={'text': data, 'phoneNumber' : '9999999999'})
  File "/home/hasher/workspace/gladminds/eggs/Django-1.5.5-py2.7.egg/django/test/client.py", line 463, in post
    response = super(Client, self).post(path, data=data, content_type=content_type, **extra)
  File "/home/hasher/workspace/gladminds/eggs/Django-1.5.5-py2.7.egg/django/test/client.py", line 297, in post
    return self.request(**r)
  File "/home/hasher/workspace/gladminds/eggs/Django-1.5.5-py2.7.egg/django/test/client.py", line 424, in request
    six.reraise(*exc_info)
  File "/home/hasher/workspace/gladminds/eggs/Django-1.5.5-py2.7.egg/django/core/handlers/base.py", line 115, in get_response
    response = callback(request, *callback_args, **callback_kwargs)
  File "/home/hasher/workspace/gladminds/eggs/Django-1.5.5-py2.7.egg/django/views/decorators/csrf.py", line 77, in wrapped_view
    return view_func(*args, **kwargs)
  File "/home/hasher/workspace/gladminds/eggs/django_tastypie-0.11.0-py2.7.egg/tastypie/resources.py", line 195, in wrapper
    response = callback(request, *args, **kwargs)
  File "/home/hasher/workspace/gladminds/src/gladminds/resource/resources.py", line 113, in dispatch_gladminds
    return self.create_response(request, data=to_be_serialized)
'local variable \'to_be_serialized\' referenced before assignment\n-------------------- >> begin captured logging << --------------------\ngladminds: INFO: triggered update_coupon_data\ngladminds: INFO: Recieved Message from phone number: +919999999999 and message: C SAP004 USC002\nparse: DEBUG: format \'{key} {message}\' -> \'(?P<key>.+?) (?P<message>.+?)\'\nparse: DEBUG: format u\'{sap_customer_id} {usc}\' -> u\'(?P<sap_customer_id>.+?) (?P<usc>.+?)\'\nroot: INFO: valid message format\ngladminds: INFO: The database failed to perform None:\'module\' object has no attribute \'atomic\'\ndjango.request: ERROR: Internal Server Error: /v1/messages\nTraceback (most recent call last):\n  File "/home/hasher/workspace/gladminds/eggs/Django-1.5.5-py2.7.egg/django/core/handlers/base.py", line 115, in get_response\n    response = callback(request, *callback_args, **callback_kwargs)\n  File "/home/hasher/workspace/gladminds/eggs/Django-1.5.5-py2.7.egg/django/views/decorators/csrf.py", line 77, in wrapped_view\n    return view_func(*args, **kwargs)\n  File "/home/hasher/workspace/gladminds/eggs/django_tastypie-0.11.0-py2.7.egg/tastypie/resources.py", line 195, in wrapper\n    response = callback(request, *args, **kwargs)\n  File "/home/hasher/workspace/gladminds/src/gladminds/resource/resources.py", line 113, in dispatch_gladminds\n    return self.create_response(request, data=to_be_serialized)\nUnboundLocalError: local variable \'to_be_serialized\' referenced before assignment\n--------------------- >> end captured logging << ---------------------']]></error></testcase><testcase classname="integration.test_message.CouponCheckAndClosure" name="test_simple_inprogress_from_unused" time="0.073"><error type="exceptions.UnboundLocalError" message="local variable 'to_be_serialized' referenced before assignment&#10;-------------------- &gt;&gt; begin captured logging &lt;&lt; --------------------&#10;gladminds: INFO: triggered update_coupon_data&#10;gladminds: INFO: Recieved Message from phone number: +919999999999 and message: A SAP001 450 1&#10;parse: DEBUG: format '{key} {message}' -&gt; '(?P&lt;key&gt;.+?) (?P&lt;message&gt;.+?)'&#10;parse: DEBUG: format u'{sap_customer_id} {kms} {service_type}' -&gt; u'(?P&lt;sap_customer_id&gt;.+?) (?P&lt;kms&gt;.+?) (?P&lt;service_type&gt;.+?)'&#10;root: INFO: valid message format&#10;gladminds: INFO: The database failed to perform None:'module' object has no attribute 'atomic'&#10;django.request: ERROR: Internal Server Error: /v1/messages&#10;Traceback (most recent call last):&#10;  File &quot;/home/hasher/workspace/gladminds/eggs/Django-1.5.5-py2.7.egg/django/core/handlers/base.py&quot;, line 115, in get_response&#10;    response = callback(request, *callback_args, **callback_kwargs)&#10;  File &quot;/home/hasher/workspace/gladminds/eggs/Django-1.5.5-py2.7.egg/django/views/decorators/csrf.py&quot;, line 77, in wrapped_view&#10;    return view_func(*args, **kwargs)&#10;  File &quot;/home/hasher/workspace/gladminds/eggs/django_tastypie-0.11.0-py2.7.egg/tastypie/resources.py&quot;, line 195, in wrapper&#10;    response = callback(request, *args, **kwargs)&#10;  File &quot;/home/hasher/workspace/gladminds/src/gladminds/resource/resources.py&quot;, line 113, in dispatch_gladminds&#10;    return self.create_response(request, data=to_be_serialized)&#10;UnboundLocalError: local variable 'to_be_serialized' referenced before assignment&#10;--------------------- &gt;&gt; end captured logging &lt;&lt; ---------------------"><![CDATA[  File "/usr/lib/python2.7/unittest/case.py", line 331, in run
    testMethod()
  File "/home/hasher/workspace/gladminds/tests/integration/test_message.py", line 119, in test_simple_inprogress_from_unused
    self.validate_coupon(sms_dict, phone_number)
  File "/home/hasher/workspace/gladminds/tests/integration/test_message.py", line 111, in validate_coupon
    result = client.post('/v1/messages', data={'text': data, 'phoneNumber' : phone_number})
  File "/home/hasher/workspace/gladminds/eggs/Django-1.5.5-py2.7.egg/django/test/client.py", line 463, in post
    response = super(Client, self).post(path, data=data, content_type=content_type, **extra)
  File "/home/hasher/workspace/gladminds/eggs/Django-1.5.5-py2.7.egg/django/test/client.py", line 297, in post
    return self.request(**r)
  File "/home/hasher/workspace/gladminds/eggs/Django-1.5.5-py2.7.egg/django/test/client.py", line 424, in request
    six.reraise(*exc_info)
  File "/home/hasher/workspace/gladminds/eggs/Django-1.5.5-py2.7.egg/django/core/handlers/base.py", line 115, in get_response
    response = callback(request, *callback_args, **callback_kwargs)
  File "/home/hasher/workspace/gladminds/eggs/Django-1.5.5-py2.7.egg/django/views/decorators/csrf.py", line 77, in wrapped_view
    return view_func(*args, **kwargs)
  File "/home/hasher/workspace/gladminds/eggs/django_tastypie-0.11.0-py2.7.egg/tastypie/resources.py", line 195, in wrapper
    response = callback(request, *args, **kwargs)
  File "/home/hasher/workspace/gladminds/src/gladminds/resource/resources.py", line 113, in dispatch_gladminds
    return self.create_response(request, data=to_be_serialized)
'local variable \'to_be_serialized\' referenced before assignment\n-------------------- >> begin captured logging << --------------------\ngladminds: INFO: triggered update_coupon_data\ngladminds: INFO: Recieved Message from phone number: +919999999999 and message: A SAP001 450 1\nparse: DEBUG: format \'{key} {message}\' -> \'(?P<key>.+?) (?P<message>.+?)\'\nparse: DEBUG: format u\'{sap_customer_id} {kms} {service_type}\' -> u\'(?P<sap_customer_id>.+?) (?P<kms>.+?) (?P<service_type>.+?)\'\nroot: INFO: valid message format\ngladminds: INFO: The database failed to perform None:\'module\' object has no attribute \'atomic\'\ndjango.request: ERROR: Internal Server Error: /v1/messages\nTraceback (most recent call last):\n  File "/home/hasher/workspace/gladminds/eggs/Django-1.5.5-py2.7.egg/django/core/handlers/base.py", line 115, in get_response\n    response = callback(request, *callback_args, **callback_kwargs)\n  File "/home/hasher/workspace/gladminds/eggs/Django-1.5.5-py2.7.egg/django/views/decorators/csrf.py", line 77, in wrapped_view\n    return view_func(*args, **kwargs)\n  File "/home/hasher/workspace/gladminds/eggs/django_tastypie-0.11.0-py2.7.egg/tastypie/resources.py", line 195, in wrapper\n    response = callback(request, *args, **kwargs)\n  File "/home/hasher/workspace/gladminds/src/gladminds/resource/resources.py", line 113, in dispatch_gladminds\n    return self.create_response(request, data=to_be_serialized)\nUnboundLocalError: local variable \'to_be_serialized\' referenced before assignment\n--------------------- >> end captured logging << ---------------------']]></error></testcase><testcase classname="integration.test_message.CustomerRegistrationTest" name="test_already_registered_customer" time="0.028"><error type="exceptions.UnboundLocalError" message="local variable 'to_be_serialized' referenced before assignment&#10;-------------------- &gt;&gt; begin captured logging &lt;&lt; --------------------&#10;gladminds: INFO: Recieved Message from phone number: +910000000001 and message: GCP_REG test.gladminds@test.com Test Gldaminds&#10;parse: DEBUG: format '{key} {message}' -&gt; '(?P&lt;key&gt;.+?) (?P&lt;message&gt;.+?)'&#10;parse: DEBUG: format u'{email_id} {name}' -&gt; u'(?P&lt;email_id&gt;.+?) (?P&lt;name&gt;.+?)'&#10;root: INFO: valid message format&#10;gladminds: INFO: The database failed to perform None:'module' object has no attribute 'atomic'&#10;django.request: ERROR: Internal Server Error: /v1/messages&#10;Traceback (most recent call last):&#10;  File &quot;/home/hasher/workspace/gladminds/eggs/Django-1.5.5-py2.7.egg/django/core/handlers/base.py&quot;, line 115, in get_response&#10;    response = callback(request, *callback_args, **callback_kwargs)&#10;  File &quot;/home/hasher/workspace/gladminds/eggs/Django-1.5.5-py2.7.egg/django/views/decorators/csrf.py&quot;, line 77, in wrapped_view&#10;    return view_func(*args, **kwargs)&#10;  File &quot;/home/hasher/workspace/gladminds/eggs/django_tastypie-0.11.0-py2.7.egg/tastypie/resources.py&quot;, line 195, in wrapper&#10;    response = callback(request, *args, **kwargs)&#10;  File &quot;/home/hasher/workspace/gladminds/src/gladminds/resource/resources.py&quot;, line 113, in dispatch_gladminds&#10;    return self.create_response(request, data=to_be_serialized)&#10;UnboundLocalError: local variable 'to_be_serialized' referenced before assignment&#10;--------------------- &gt;&gt; end captured logging &lt;&lt; ---------------------"><![CDATA[  File "/usr/lib/python2.7/unittest/case.py", line 331, in run
    testMethod()
  File "/home/hasher/workspace/gladminds/tests/integration/test_message.py", line 52, in test_already_registered_customer
    self.MESSAGE_URL, data=self.ALREADY_CUST_REG)
  File "/home/hasher/workspace/gladminds/eggs/Django-1.5.5-py2.7.egg/django/test/client.py", line 463, in post
    response = super(Client, self).post(path, data=data, content_type=content_type, **extra)
  File "/home/hasher/workspace/gladminds/eggs/Django-1.5.5-py2.7.egg/django/test/client.py", line 297, in post
    return self.request(**r)
  File "/home/hasher/workspace/gladminds/eggs/Django-1.5.5-py2.7.egg/django/test/client.py", line 424, in request
    six.reraise(*exc_info)
  File "/home/hasher/workspace/gladminds/eggs/Django-1.5.5-py2.7.egg/django/core/handlers/base.py", line 115, in get_response
    response = callback(request, *callback_args, **callback_kwargs)
  File "/home/hasher/workspace/gladminds/eggs/Django-1.5.5-py2.7.egg/django/views/decorators/csrf.py", line 77, in wrapped_view
    return view_func(*args, **kwargs)
  File "/home/hasher/workspace/gladminds/eggs/django_tastypie-0.11.0-py2.7.egg/tastypie/resources.py", line 195, in wrapper
    response = callback(request, *args, **kwargs)
  File "/home/hasher/workspace/gladminds/src/gladminds/resource/resources.py", line 113, in dispatch_gladminds
    return self.create_response(request, data=to_be_serialized)
'local variable \'to_be_serialized\' referenced before assignment\n-------------------- >> begin captured logging << --------------------\ngladminds: INFO: Recieved Message from phone number: +910000000001 and message: GCP_REG test.gladminds@test.com Test Gldaminds\nparse: DEBUG: format \'{key} {message}\' -> \'(?P<key>.+?) (?P<message>.+?)\'\nparse: DEBUG: format u\'{email_id} {name}\' -> u\'(?P<email_id>.+?) (?P<name>.+?)\'\nroot: INFO: valid message format\ngladminds: INFO: The database failed to perform None:\'module\' object has no attribute \'atomic\'\ndjango.request: ERROR: Internal Server Error: /v1/messages\nTraceback (most recent call last):\n  File "/home/hasher/workspace/gladminds/eggs/Django-1.5.5-py2.7.egg/django/core/handlers/base.py", line 115, in get_response\n    response = callback(request, *callback_args, **callback_kwargs)\n  File "/home/hasher/workspace/gladminds/eggs/Django-1.5.5-py2.7.egg/django/views/decorators/csrf.py", line 77, in wrapped_view\n    return view_func(*args, **kwargs)\n  File "/home/hasher/workspace/gladminds/eggs/django_tastypie-0.11.0-py2.7.egg/tastypie/resources.py", line 195, in wrapper\n    response = callback(request, *args, **kwargs)\n  File "/home/hasher/workspace/gladminds/src/gladminds/resource/resources.py", line 113, in dispatch_gladminds\n    return self.create_response(request, data=to_be_serialized)\nUnboundLocalError: local variable \'to_be_serialized\' referenced before assignment\n--------------------- >> end captured logging << ---------------------']]></error></testcase><testcase classname="integration.test_message.CustomerRegistrationTest" name="test_customer_registration" time="0.028"><error type="exceptions.UnboundLocalError" message="local variable 'to_be_serialized' referenced before assignment&#10;-------------------- &gt;&gt; begin captured logging &lt;&lt; --------------------&#10;gladminds: INFO: Recieved Message from phone number: +911408358285 and message: GCP_REG test.user@test.com TestUser&#10;parse: DEBUG: format '{key} {message}' -&gt; '(?P&lt;key&gt;.+?) (?P&lt;message&gt;.+?)'&#10;parse: DEBUG: format u'{email_id} {name}' -&gt; u'(?P&lt;email_id&gt;.+?) (?P&lt;name&gt;.+?)'&#10;root: INFO: valid message format&#10;gladminds: INFO: The database failed to perform None:'module' object has no attribute 'atomic'&#10;django.request: ERROR: Internal Server Error: /v1/messages&#10;Traceback (most recent call last):&#10;  File &quot;/home/hasher/workspace/gladminds/eggs/Django-1.5.5-py2.7.egg/django/core/handlers/base.py&quot;, line 115, in get_response&#10;    response = callback(request, *callback_args, **callback_kwargs)&#10;  File &quot;/home/hasher/workspace/gladminds/eggs/Django-1.5.5-py2.7.egg/django/views/decorators/csrf.py&quot;, line 77, in wrapped_view&#10;    return view_func(*args, **kwargs)&#10;  File &quot;/home/hasher/workspace/gladminds/eggs/django_tastypie-0.11.0-py2.7.egg/tastypie/resources.py&quot;, line 195, in wrapper&#10;    response = callback(request, *args, **kwargs)&#10;  File &quot;/home/hasher/workspace/gladminds/src/gladminds/resource/resources.py&quot;, line 113, in dispatch_gladminds&#10;    return self.create_response(request, data=to_be_serialized)&#10;UnboundLocalError: local variable 'to_be_serialized' referenced before assignment&#10;--------------------- &gt;&gt; end captured logging &lt;&lt; ---------------------"><![CDATA[  File "/usr/lib/python2.7/unittest/case.py", line 331, in run
    testMethod()
  File "/home/hasher/workspace/gladminds/tests/integration/test_message.py", line 39, in test_customer_registration
    resp = client.post(self.MESSAGE_URL, data=self.CUST_REG)
  File "/home/hasher/workspace/gladminds/eggs/Django-1.5.5-py2.7.egg/django/test/client.py", line 463, in post
    response = super(Client, self).post(path, data=data, content_type=content_type, **extra)
  File "/home/hasher/workspace/gladminds/eggs/Django-1.5.5-py2.7.egg/django/test/client.py", line 297, in post
    return self.request(**r)
  File "/home/hasher/workspace/gladminds/eggs/Django-1.5.5-py2.7.egg/django/test/client.py", line 424, in request
    six.reraise(*exc_info)
  File "/home/hasher/workspace/gladminds/eggs/Django-1.5.5-py2.7.egg/django/core/handlers/base.py", line 115, in get_response
    response = callback(request, *callback_args, **callback_kwargs)
  File "/home/hasher/workspace/gladminds/eggs/Django-1.5.5-py2.7.egg/django/views/decorators/csrf.py", line 77, in wrapped_view
    return view_func(*args, **kwargs)
  File "/home/hasher/workspace/gladminds/eggs/django_tastypie-0.11.0-py2.7.egg/tastypie/resources.py", line 195, in wrapper
    response = callback(request, *args, **kwargs)
  File "/home/hasher/workspace/gladminds/src/gladminds/resource/resources.py", line 113, in dispatch_gladminds
    return self.create_response(request, data=to_be_serialized)
'local variable \'to_be_serialized\' referenced before assignment\n-------------------- >> begin captured logging << --------------------\ngladminds: INFO: Recieved Message from phone number: +911408358285 and message: GCP_REG test.user@test.com TestUser\nparse: DEBUG: format \'{key} {message}\' -> \'(?P<key>.+?) (?P<message>.+?)\'\nparse: DEBUG: format u\'{email_id} {name}\' -> u\'(?P<email_id>.+?) (?P<name>.+?)\'\nroot: INFO: valid message format\ngladminds: INFO: The database failed to perform None:\'module\' object has no attribute \'atomic\'\ndjango.request: ERROR: Internal Server Error: /v1/messages\nTraceback (most recent call last):\n  File "/home/hasher/workspace/gladminds/eggs/Django-1.5.5-py2.7.egg/django/core/handlers/base.py", line 115, in get_response\n    response = callback(request, *callback_args, **callback_kwargs)\n  File "/home/hasher/workspace/gladminds/eggs/Django-1.5.5-py2.7.egg/django/views/decorators/csrf.py", line 77, in wrapped_view\n    return view_func(*args, **kwargs)\n  File "/home/hasher/workspace/gladminds/eggs/django_tastypie-0.11.0-py2.7.egg/tastypie/resources.py", line 195, in wrapper\n    response = callback(request, *args, **kwargs)\n  File "/home/hasher/workspace/gladminds/src/gladminds/resource/resources.py", line 113, in dispatch_gladminds\n    return self.create_response(request, data=to_be_serialized)\nUnboundLocalError: local variable \'to_be_serialized\' referenced before assignment\n--------------------- >> end captured logging << ---------------------']]></error></testcase><testcase classname="integration.test_message.CustomerRegistrationTest" name="test_invalid_message" time="0.043"></testcase><testcase classname="integration.test_message.CustomerServiceTest" name="test_invalid_service" time="0.028"><error type="exceptions.UnboundLocalError" message="local variable 'to_be_serialized' referenced before assignment&#10;-------------------- &gt;&gt; begin captured logging &lt;&lt; --------------------&#10;gladminds: INFO: Recieved Message from phone number: +919800000011 and message: SERVICE 000000&#10;parse: DEBUG: format '{key} {message}' -&gt; '(?P&lt;key&gt;.+?) (?P&lt;message&gt;.+?)'&#10;parse: DEBUG: format u'{sap_customer_id}' -&gt; u'(?P&lt;sap_customer_id&gt;.+?)'&#10;root: INFO: valid message format&#10;gladminds: INFO: The database failed to perform None:'module' object has no attribute 'atomic'&#10;django.request: ERROR: Internal Server Error: /v1/messages&#10;Traceback (most recent call last):&#10;  File &quot;/home/hasher/workspace/gladminds/eggs/Django-1.5.5-py2.7.egg/django/core/handlers/base.py&quot;, line 115, in get_response&#10;    response = callback(request, *callback_args, **callback_kwargs)&#10;  File &quot;/home/hasher/workspace/gladminds/eggs/Django-1.5.5-py2.7.egg/django/views/decorators/csrf.py&quot;, line 77, in wrapped_view&#10;    return view_func(*args, **kwargs)&#10;  File &quot;/home/hasher/workspace/gladminds/eggs/django_tastypie-0.11.0-py2.7.egg/tastypie/resources.py&quot;, line 195, in wrapper&#10;    response = callback(request, *args, **kwargs)&#10;  File &quot;/home/hasher/workspace/gladminds/src/gladminds/resource/resources.py&quot;, line 113, in dispatch_gladminds&#10;    return self.create_response(request, data=to_be_serialized)&#10;UnboundLocalError: local variable 'to_be_serialized' referenced before assignment&#10;--------------------- &gt;&gt; end captured logging &lt;&lt; ---------------------"><![CDATA[  File "/usr/lib/python2.7/unittest/case.py", line 331, in run
    testMethod()
  File "/home/hasher/workspace/gladminds/tests/integration/test_message.py", line 80, in test_invalid_service
    resp = client.post(self.MESSAGE_URL, data=self.IN_MSG_SVC)
  File "/home/hasher/workspace/gladminds/eggs/Django-1.5.5-py2.7.egg/django/test/client.py", line 463, in post
    response = super(Client, self).post(path, data=data, content_type=content_type, **extra)
  File "/home/hasher/workspace/gladminds/eggs/Django-1.5.5-py2.7.egg/django/test/client.py", line 297, in post
    return self.request(**r)
  File "/home/hasher/workspace/gladminds/eggs/Django-1.5.5-py2.7.egg/django/test/client.py", line 424, in request
    six.reraise(*exc_info)
  File "/home/hasher/workspace/gladminds/eggs/Django-1.5.5-py2.7.egg/django/core/handlers/base.py", line 115, in get_response
    response = callback(request, *callback_args, **callback_kwargs)
  File "/home/hasher/workspace/gladminds/eggs/Django-1.5.5-py2.7.egg/django/views/decorators/csrf.py", line 77, in wrapped_view
    return view_func(*args, **kwargs)
  File "/home/hasher/workspace/gladminds/eggs/django_tastypie-0.11.0-py2.7.egg/tastypie/resources.py", line 195, in wrapper
    response = callback(request, *args, **kwargs)
  File "/home/hasher/workspace/gladminds/src/gladminds/resource/resources.py", line 113, in dispatch_gladminds
    return self.create_response(request, data=to_be_serialized)
'local variable \'to_be_serialized\' referenced before assignment\n-------------------- >> begin captured logging << --------------------\ngladminds: INFO: Recieved Message from phone number: +919800000011 and message: SERVICE 000000\nparse: DEBUG: format \'{key} {message}\' -> \'(?P<key>.+?) (?P<message>.+?)\'\nparse: DEBUG: format u\'{sap_customer_id}\' -> u\'(?P<sap_customer_id>.+?)\'\nroot: INFO: valid message format\ngladminds: INFO: The database failed to perform None:\'module\' object has no attribute \'atomic\'\ndjango.request: ERROR: Internal Server Error: /v1/messages\nTraceback (most recent call last):\n  File "/home/hasher/workspace/gladminds/eggs/Django-1.5.5-py2.7.egg/django/core/handlers/base.py", line 115, in get_response\n    response = callback(request, *callback_args, **callback_kwargs)\n  File "/home/hasher/workspace/gladminds/eggs/Django-1.5.5-py2.7.egg/django/views/decorators/csrf.py", line 77, in wrapped_view\n    return view_func(*args, **kwargs)\n  File "/home/hasher/workspace/gladminds/eggs/django_tastypie-0.11.0-py2.7.egg/tastypie/resources.py", line 195, in wrapper\n    response = callback(request, *args, **kwargs)\n  File "/home/hasher/workspace/gladminds/src/gladminds/resource/resources.py", line 113, in dispatch_gladminds\n    return self.create_response(request, data=to_be_serialized)\nUnboundLocalError: local variable \'to_be_serialized\' referenced before assignment\n--------------------- >> end captured logging << ---------------------']]></error></testcase><testcase classname="integration.test_message.CustomerServiceTest" name="test_valid_service" time="0.028"><error type="exceptions.UnboundLocalError" message="local variable 'to_be_serialized' referenced before assignment&#10;-------------------- &gt;&gt; begin captured logging &lt;&lt; --------------------&#10;gladminds: INFO: Recieved Message from phone number: +919800000011 and message: SERVICE F0B18AE&#10;parse: DEBUG: format '{key} {message}' -&gt; '(?P&lt;key&gt;.+?) (?P&lt;message&gt;.+?)'&#10;parse: 
[...]
    testMethod()
  File "/home/hasher/workspace/gladminds/tests/unit/test_resource.py", line 162, in test_no_available_coupons
    result = client.post('/v1/messages', data={'text':settings.ALLOWED_KEYWORDS['check'] + ' SAP002 500 1', 'phoneNumber' : '4444861111'})
  File "/home/hasher/workspace/gladminds/eggs/Django-1.5.5-py2.7.egg/django/test/client.py", line 463, in post
    response = super(Client, self).post(path, data=data, content_type=content_type, **extra)
  File "/home/hasher/workspace/gladminds/eggs/Django-1.5.5-py2.7.egg/django/test/client.py", line 297, in post
    return self.request(**r)
  File "/home/hasher/workspace/gladminds/eggs/Django-1.5.5-py2.7.egg/django/test/client.py", line 424, in request
    six.reraise(*exc_info)
  File "/home/hasher/workspace/gladminds/eggs/Django-1.5.5-py2.7.egg/django/core/handlers/base.py", line 115, in get_response
    response = callback(request, *callback_args, **callback_kwargs)
  File "/home/hasher/workspace/gladminds/eggs/Django-1.5.5-py2.7.egg/django/views/decorators/csrf.py", line 77, in wrapped_view
    return view_func(*args, **kwargs)
  File "/home/hasher/workspace/gladminds/eggs/django_tastypie-0.11.0-py2.7.egg/tastypie/resources.py", line 195, in wrapper
    response = callback(request, *args, **kwargs)
  File "/home/hasher/workspace/gladminds/src/gladminds/resource/resources.py", line 113, in dispatch_gladminds
    return self.create_response(request, data=to_be_serialized)
'local variable \'to_be_serialized\' referenced before assignment\n-------------------- >> begin captured logging << --------------------\ngladminds: INFO: triggered update_coupon_data\npy.warnings: WARNING: /home/hasher/workspace/gladminds/eggs/Django-1.5.5-py2.7.egg/django/db/models/fields/__init__.py:827: RuntimeWarning: DateTimeField received a naive datetime (2014-08-16 16:08:07.134400) while time zone support is active.\n  RuntimeWarning)\n\npy.warnings: WARNING: /home/hasher/workspace/gladminds/eggs/Django-1.5.5-py2.7.egg/django/db/models/fields/__init__.py:827: RuntimeWarning: DateTimeField received a naive datetime (2014-07-29 16:08:07.134413) while time zone support is active.\n  RuntimeWarning)\n\npy.warnings: WARNING: /home/hasher/workspace/gladminds/eggs/Django-1.5.5-py2.7.egg/django/db/models/fields/__init__.py:827: RuntimeWarning: DateTimeField received a naive datetime (2014-08-16 16:08:07.134416) while time zone support is active.\n  RuntimeWarning)\n\ngladminds: INFO: triggered update_coupon_data\npy.warnings: WARNING: /home/hasher/workspace/gladminds/eggs/Django-1.5.5-py2.7.egg/django/db/models/fields/__init__.py:827: RuntimeWarning: DateTimeField received a naive datetime (2014-08-16 16:08:07.139373) while time zone support is active.\n  RuntimeWarning)\n\npy.warnings: WARNING: /home/hasher/workspace/gladminds/eggs/Django-1.5.5-py2.7.egg/django/db/models/fields/__init__.py:827: RuntimeWarning: DateTimeField received a naive datetime (2014-07-29 16:08:07.139384) while time zone support is active.\n  RuntimeWarning)\n\npy.warnings: WARNING: /home/hasher/workspace/gladminds/eggs/Django-1.5.5-py2.7.egg/django/db/models/fields/__init__.py:827: RuntimeWarning: DateTimeField received a naive datetime (2014-08-16 16:08:07.139387) while time zone support is active.\n  RuntimeWarning)\n\npy.warnings: WARNING: /home/hasher/workspace/gladminds/eggs/Django-1.5.5-py2.7.egg/django/db/models/fields/__init__.py:827: RuntimeWarning: DateTimeField received a naive datetime (2014-09-17 16:08:07.140403) while time zone support is active.\n  RuntimeWarning)\n\npy.warnings: WARNING: /home/hasher/workspace/gladminds/eggs/Django-1.5.5-py2.7.egg/django/db/models/fields/__init__.py:827: RuntimeWarning: DateTimeField received a naive datetime (2014-07-29 16:08:07.140411) while time zone support is active.\n  RuntimeWarning)\n\npy.warnings: WARNING: /home/hasher/workspace/gladminds/eggs/Django-1.5.5-py2.7.egg/django/db/models/fields/__init__.py:827: RuntimeWarning: DateTimeField received a naive datetime (2014-09-17 16:08:07.140415) while time zone support is active.\n  RuntimeWarning)\n\npy.warnings: WARNING: /home/hasher/workspace/gladminds/eggs/Django-1.5.5-py2.7.egg/django/db/models/fields/__init__.py:827: RuntimeWarning: DateTimeField received a naive datetime (2014-10-17 16:08:07.141395) while time zone support is active.\n  RuntimeWarning)\n\npy.warnings: WARNING: /home/hasher/workspace/gladminds/eggs/Django-1.5.5-py2.7.egg/django/db/models/fields/__init__.py:827: RuntimeWarning: DateTimeField received a naive datetime (2014-07-29 16:08:07.141404) while time zone support is active.\n  RuntimeWarning)\n\npy.warnings: WARNING: /home/hasher/workspace/gladminds/eggs/Django-1.5.5-py2.7.egg/django/db/models/fields/__init__.py:827: RuntimeWarning: DateTimeField received a naive datetime (2014-10-17 16:08:07.141407) while time zone support is active.\n  RuntimeWarning)\n\ngladminds: INFO: Recieved Message from phone number: +914444861111 and message: a SAP002 500 1\nparse: DEBUG: format \'{key} {message}\' -> \'(?P<key>.+?) (?P<message>.+?)\'\nparse: DEBUG: format u\'{sap_customer_id} {kms} {service_type}\' -> u\'(?P<sap_customer_id>.+?) (?P<kms>.+?) (?P<service_type>.+?)\'\nroot: INFO: valid message format\ngladminds: INFO: The database failed to perform None:\'module\' object has no attribute \'atomic\'\ndjango.request: ERROR: Internal Server Error: /v1/messages\nTraceback (most recent call last):\n  File "/home/hasher/workspace/gladminds/eggs/Django-1.5.5-py2.7.egg/django/core/handlers/base.py", line 115, in get_response\n    response = callback(request, *callback_args, **callback_kwargs)\n  File "/home/hasher/workspace/gladminds/eggs/Django-1.5.5-py2.7.egg/django/views/decorators/csrf.py", line 77, in wrapped_view\n    return view_func(*args, **kwargs)\n  File "/home/hasher/workspace/gladminds/eggs/django_tastypie-0.11.0-py2.7.egg/tastypie/resources.py", line 195, in wrapper\n    response = callback(request, *args, **kwargs)\n  File "/home/hasher/workspace/gladminds/src/gladminds/resource/resources.py", line 113, in dispatch_gladminds\n    return self.create_response(request, data=to_be_serialized)\nUnboundLocalError: local variable \'to_be_serialized\' referenced before assignment\n--------------------- >> end captured logging << ---------------------']]></error></testcase><testcase classname="unit.test_resource.GladmindsResourcesTest" name="test_register_customer" time="0.041"><error type="exceptions.UnboundLocalError" message="local variable 'to_be_serialized' referenced before assignment&#10;-------------------- &gt;&gt; begin captured logging &lt;&lt; --------------------&#10;gladminds: INFO: triggered update_coupon_data&#10;py.warnings: WARNING: /home/hasher/workspace/gladminds/eggs/Django-1.5.5-py2.7.egg/django/db/models/fields/__init__.py:827: RuntimeWarning: DateTimeField received a naive datetime (2014-08-16 16:08:07.178727) while time zone support is active.&#10;  RuntimeWarning)&#10;&#10;py.warnings: WARNING: /home/hasher/workspace/gladminds/eggs/Django-1.5.5-py2.7.egg/django/db/models/fields/__init__.py:827: RuntimeWarning: DateTimeField received a naive datetime (2014-07-29 16:08:07.178738) while time zone support is active.&#10;  RuntimeWarning)&#10;&#10;py.warnings: WARNING: /home/hasher/workspace/gladminds/eggs/Django-1.5.5-py2.7.egg/django/db/models/fields/__init__.py:827: RuntimeWarning: DateTimeField received a naive datetime (2014-08-16 16:08:07.178741) while time zone support is active.&#10;  RuntimeWarning)&#10;&#10;gladminds: INFO: triggered update_coupon_data&#10;py.warnings: WARNING: /home/hasher/workspace/gladminds/eggs/Django-1.5.5-py2.7.egg/django/db/models/fields/__init__.py:827: RuntimeWarning: DateTimeField received a naive datetime (2014-08-16 16:08:07.183624) while time zone support is active.&#10;  RuntimeWarning)&#10;&#10;py.warnings: WARNING: /home/hasher/workspace/gladminds/eggs/Django-1.5.5-py2.7.egg/django/db/models/fields/__init__.py:827: RuntimeWarning: DateTimeField received a naive datetime (2014-07-29 16:08:07.183634) while time zone support is active.&#10;  RuntimeWarning)&#10;&#10;py.warnings: WARNING: /home/hasher/workspace/gladminds/eggs/Django-1.5.5-py2.7.egg/django/db/models/fields/__init__.py:827: RuntimeWarning: DateTimeField received a naive datetime (2014-08-16 16:08:07.183638) while time zone support is active.&#10;  RuntimeWarning)&#10;&#10;py.warnings: WARNING: /home/hasher/workspace/gladminds/eggs/Django-1.5.5-py2.7.egg/django/db/models/fields/__init__.py:827: RuntimeWarning: DateTimeField received a naive datetime (2014-09-17 16:08:07.184688) while time zone support is active.&#10;  RuntimeWarning)&#10;&#10;py.warnings: WARNING: /home/hasher/workspace/gladminds/eggs/Django-1.5.5-py2.7.egg/django/db/models/fields/__init__.py:827: RuntimeWarning: DateTimeField received a naive datetime (2014-07-29 16:08:07.184698) while time zone support is active.&#10;  RuntimeWarning)&#10;&#10;py.warnings: WARNING: /home/hasher/workspace/gladminds/eggs/Django-1.5.5-py2.7.egg/django/db/models/fields/__init__.py:827: RuntimeWarning: DateTimeField received a naive datetime (2014-09-17 16:08:07.184702) while time zone support is active.&#10;  RuntimeWarning)&#10;&#10;py.warnings: WARNING: /home/hasher/workspace/gladminds/eggs/Django-1.5.5-py2.7.egg/django/db/models/fields/__init__.py:827: RuntimeWarning: DateTimeField received a naive datetime (2014-10-17 16:08:07.185744) while time zone support is active.&#10;  RuntimeWarning)&#10;&#10;py.warnings: WARNING: /home/hasher/workspace/gladminds/eggs/Django-1.5.5-py2.7.egg/django/db/models/fields/__init__.py:827: RuntimeWarning: DateTimeField received a naive datetime (2014-07-29 16:08:07.185753) while time zone support is active.&#10;  RuntimeWarning)&#10;&#10;py.warnings: WARNING: /home/hasher/workspace/gladminds/eggs/Django-1.5.5-py2.7.egg/django/db/models/fields/__init__.py:827: RuntimeWarning: DateTimeField received a naive datetime (2014-10-17 16:08:07.185756) while time zone support is active.&#10;  RuntimeWarning)&#10;&#10;gladminds: INFO: Recieved Message from phone number: +914444861111 and message: gcp_reg email@email.com customer1&#10;parse: DEBUG: format '{key} {message}' -&gt; '(?P&lt;key&gt;.+?) (?P&lt;message&gt;.+?)'&#10;parse: DEBUG: format u'{email_id} {name}' -&gt; u'(?P&lt;email_id&gt;.+?) (?P&lt;name&gt;.+?)'&#10;root: INFO: valid message format&#10;gladminds: INFO: The database failed to perform None:'module' object has no attribute 'atomic'&#10;django.request: ERROR: Internal Server Error: /v1/messages&#10;Traceback (most recent call last):&#10;  File &quot;/home/hasher/workspace/gladminds/eggs/Django-1.5.5-py2.7.egg/django/core/handlers/base.py&quot;, line 115, in get_response&#10;    response = callback(request, *callback_args, **callback_kwargs)&#10;  File &quot;/home/hasher/workspace/gladminds/eggs/Django-1.5.5-py2.7.egg/django/views/decorators/csrf.py&quot;, line 77, in wrapped_view&#10;    return view_func(*args, **kwargs)&#10;  File &quot;/home/hasher/workspace/gladminds/eggs/django_tastypie-0.11.0-py2.7.egg/tastypie/resources.py&quot;, line 195, in wrapper&#10;    response = callback(request, *args, **kwargs)&#10;  File &quot;/home/hasher/workspace/gladminds/src/gladminds/resource/resources.py&quot;, line 113, in dispatch_gladminds&#10;    return self.create_response(request, data=to_be_serialized)&#10;UnboundLocalError: local variable 'to_be_serialized' referenced before assignment&#10;--------------------- &gt;&gt; end captured logging &lt;&lt; ---------------------"><![CDATA[  File "/usr/lib/python2.7/unittest/case.py", line 331, in run
    testMethod()
  File "/home/hasher/workspace/gladminds/tests/unit/test_resource.py", line 137, in test_register_customer
    result = client.post('/v1/messages', data={'text': settings.ALLOWED_KEYWORDS['register']+ ' email@email.com customer1', 'phoneNumber' : '4444861111'})
  File "/home/hasher/workspace/gladminds/eggs/Django-1.5.5-py2.7.egg/django/test/client.py", line 463, in post
    response = super(Client, self).post(path, data=data, content_type=content_type, **extra)
  File "/home/hasher/workspace/gladminds/eggs/Django-1.5.5-py2.7.egg/django/test/client.py", line 297, in post
    return self.request(**r)
  File "/home/hasher/workspace/gladminds/eggs/Django-1.5.5-py2.7.egg/django/test/client.py", line 424, in request
    six.reraise(*exc_info)
  File "/home/hasher/workspace/gladminds/eggs/Django-1.5.5-py2.7.egg/django/core/handlers/base.py", line 115, in get_response
    response = callback(request, *callback_args, **callback_kwargs)
  File "/home/hasher/workspace/gladminds/eggs/Django-1.5.5-py2.7.egg/django/views/decorators/csrf.py", line 77, in wrapped_view
    return view_func(*args, **kwargs)
  File "/home/hasher/workspace/gladminds/eggs/django_tastypie-0.11.0-py2.7.egg/tastypie/resources.py", line 195, in wrapper
    response = callback(request, *args, **kwargs)
  File "/home/hasher/workspace/gladminds/src/gladminds/resource/resources.py", line 113, in dispatch_gladminds
    return self.create_response(request, data=to_be_serialized)
'local variable \'to_be_serialized\' referenced before assignment\n-------------------- >> begin captured logging << --------------------\ngladminds: INFO: triggered update_coupon_data\npy.warnings: WARNING: /home/hasher/workspace/gladminds/eggs/Django-1.5.5-py2.7.egg/django/db/models/fields/__init__.py:827: RuntimeWarning: DateTimeField received a naive datetime (2014-08-16 16:08:07.178727) while time zone support is active.\n  RuntimeWarning)\n\npy.warnings: WARNING: /home/hasher/workspace/gladminds/eggs/Django-1.5.5-py2.7.egg/django/db/models/fields/__init__.py:827: RuntimeWarning: DateTimeField received a naive datetime (2014-07-29 16:08:07.178738) while time zone support is active.\n  RuntimeWarning)\n\npy.warnings: WARNING: /home/hasher/workspace/gladminds/eggs/Django-1.5.5-py2.7.egg/django/db/models/fields/__init__.py:827: RuntimeWarning: DateTimeField received a naive datetime (2014-08-16 16:08:07.178741) while time zone support is active.\n  RuntimeWarning)\n\ngladminds: INFO: triggered update_coupon_data\npy.warnings: WARNING: /home/hasher/workspace/gladminds/eggs/Django-1.5.5-py2.7.egg/django/db/models/fields/__init__.py:827: RuntimeWarning: DateTimeField received a naive datetime (2014-08-16 16:08:07.183624) while time zone support is active.\n  RuntimeWarning)\n\npy.warnings: WARNING: /home/hasher/workspace/gladminds/eggs/Django-1.5.5-py2.7.egg/django/db/models/fields/__init__.py:827: RuntimeWarning: DateTimeField received a naive datetime (2014-07-29 16:08:07.183634) while time zone support is active.\n  RuntimeWarning)\n\npy.warnings: WARNING: /home/hasher/workspace/gladminds/eggs/Django-1.5.5-py2.7.egg/django/db/models/fields/__init__.py:827: RuntimeWarning: DateTimeField received a naive datetime (2014-08-16 16:08:07.183638) while time zone support is active.\n  RuntimeWarning)\n\npy.warnings: WARNING: /home/hasher/workspace/gladminds/eggs/Django-1.5.5-py2.7.egg/django/db/models/fields/__init__.py:827: RuntimeWarning: DateTimeField received a naive datetime (2014-09-17 16:08:07.184688) while time zone support is active.\n  RuntimeWarning)\n\npy.warnings: WARNING: /home/hasher/workspace/gladminds/eggs/Django-1.5.5-py2.7.egg/django/db/models/fields/__init__.py:827: RuntimeWarning: DateTimeField received a naive datetime (2014-07-29 16:08:07.184698) while time zone support is active.\n  RuntimeWarning)\n\npy.warnings: WARNING: /home/hasher/workspace/gladminds/eggs/Django-1.5.5-py2.7.egg/django/db/models/fields/__init__.py:827: RuntimeWarning: DateTimeField received a naive datetime (2014-09-17 16:08:07.184702) while time zone support is active.\n  RuntimeWarning)\n\npy.warnings: WARNING: /home/hasher/workspace/gladminds/eggs/Django-1.5.5-py2.7.egg/django/db/models/fields/__init__.py:827: RuntimeWarning: DateTimeField received a naive datetime (2014-10-17 16:08:07.185744) while time zone support is active.\n  RuntimeWarning)\n\npy.warnings: WARNING: /home/hasher/workspace/gladminds/eggs/Django-1.5.5-py2.7.egg/django/db/models/fields/__init__.py:827: RuntimeWarning: DateTimeField received a naive datetime (2014-07-29 16:08:07.185753) while time zone support is active.\n  RuntimeWarning)\n\npy.warnings: WARNING: /home/hasher/workspace/gladminds/eggs/Django-1.5.5-py2.7.egg/django/db/models/fields/__init__.py:827: RuntimeWarning: DateTimeField received a naive datetime (2014-10-17 16:08:07.185756) while time zone support is active.\n  RuntimeWarning)\n\ngladminds: INFO: Recieved Message from phone number: +914444861111 and message: gcp_reg email@email.com customer1\nparse: DEBUG: format \'{key} {message}\' -> \'(?P<key>.+?) (?P<message>.+?)\'\nparse: DEBUG: format u\'{email_id} {name}\' -> u\'(?P<email_id>.+?) (?P<name>.+?)\'\nroot: INFO: valid message format\ngladminds: INFO: The database failed to perform None:\'module\' object has no attribute \'atomic\'\ndjango.request: ERROR: Internal Server Error: /v1/messages\nTraceback (most recent call last):\n  File "/home/hasher/workspace/gladminds/eggs/Django-1.5.5-py2.7.egg/django/core/handlers/base.py", line 115, in get_response\n    response = callback(request, *callback_args, **callback_kwargs)\n  File "/home/hasher/workspace/gladminds/eggs/Django-1.5.5-py2.7.egg/django/views/decorators/csrf.py", line 77, in wrapped_view\n    return view_func(*args, **kwargs)\n  File "/home/hasher/workspace/gladminds/eggs/django_tastypie-0.11.0-py2.7.egg/tastypie/resources.py", line 195, in wrapper\n    response = callback(request, *args, **kwargs)\n  File "/home/hasher/workspace/gladminds/src/gladminds/resource/resources.py", line 113, in dispatch_gladminds\n    return self.create_response(request, data=to_be_serialized)\nUnboundLocalError: local variable \'to_be_serialized\' referenced before assignment\n--------------------- >> end captured logging << ---------------------']]></error></testcase><testcase classname="unit.test_smsparser.SmsParserTest" name="test_invalid_keyword" time="0.019"></testcase><testcase classname="unit.test_smsparser.SmsParserTest" name="test_invalid_keyword_2" time="0.007"></testcase><testcase classname="unit.test_smsparser.SmsParserTest" name="test_invalid_message_format" time="0.018"></testcase><testcase classname="unit.test_smsparser.SmsParserTest" name="test_sms_parse" time="0.017"></testcase><testcase classname="unit.test_unit.TestAssertWorks" name="test_assert_equals" time="0.000"></testcase><testcase classname="unit.test_unit.TestAssertWorks" name="test_assert_true" time="0.000"></testcase><testcase classname="unit.test_unit.TestFeedLogWithRemark" name="test_remarks" time="261.504"><system-out><![CDATA[[DealerModel(ACTIVE_FLAG=u'Y', TIMESTAMP=u'2014-04-01000000', SER_ADV_ID=u'HISA001', ADDRESS=u'Marathalli', SER_ADV_NAME=u'TestUser01', KUNNR=u'HIDealer001'), DealerModel(ACTIVE_FLAG=u'Y', TIMESTAMP=u'2014-04-01000000', SER_ADV_MOBILE=u'+919845350297', SER_ADV_ID=u'HISA002', ADDRESS=u'HSR LAYOUT', SER_ADV_NAME=u'TestUser02', KUNNR=u'HIDealer001')]
]]></system-out></testcase><testcase classname="unit.test_unit.TestUtils" name="test_create_feed_data" time="0.047"></testcase><testcase classname="unit.test_unit.TestUtils" name="test_format_date_string" time="0.043"></testcase><testcase classname="unit.test_unit.TestUtils" name="test_get_coupon_info" time="0.053"></testcase><testcase classname="unit.test_unit.TestUtils" name="test_get_customer_info" time="0.089"></testcase><testcase classname="unit.test_unit.TestUtils" name="test_get_list_from_set" time="0.084"></testcase><testcase classname="unit.test_unit.TestUtils" name="test_get_sa_list" time="0.057"></testcase><testcase classname="unit.test_unit.TestUtils" name="test_otp" time="0.046"></testcase><testcase classname="unit.test_unit.TestUtils" name="test_save_pass" time="0.085"></testcase></testsuite>